<?xml version="1.0" encoding="UTF-8"?>
<coverage generated="1759330766587" clover="3.2.0">
  <project timestamp="1759330766588" name="All files">
    <metrics statements="349" coveredstatements="308" conditionals="58" coveredconditionals="47" methods="19" coveredmethods="16" elements="426" coveredelements="371" complexity="0" loc="349" ncloc="349" packages="8" files="10" classes="10"/>
    <package name="src">
      <metrics statements="28" coveredstatements="28" conditionals="1" coveredconditionals="1" methods="1" coveredmethods="1"/>
      <file name="App.tsx" path="C:\Users\efrai\OneDrive\Escritorio\Escuela\vm\Prog Avanzada\IMC-Project\2025_proyecto1_front_imc\src\App.tsx">
        <metrics statements="19" coveredstatements="19" conditionals="1" coveredconditionals="1" methods="1" coveredmethods="1"/>
        <line num="1" count="1" type="stmt"/>
        <line num="2" count="1" type="stmt"/>
        <line num="3" count="1" type="stmt"/>
        <line num="5" count="4" type="cond" truecount="1" falsecount="0"/>
        <line num="7" count="4" type="stmt"/>
        <line num="8" count="4" type="stmt"/>
        <line num="9" count="4" type="stmt"/>
        <line num="10" count="4" type="stmt"/>
        <line num="11" count="4" type="stmt"/>
        <line num="12" count="4" type="stmt"/>
        <line num="13" count="4" type="stmt"/>
        <line num="14" count="4" type="stmt"/>
        <line num="15" count="4" type="stmt"/>
        <line num="16" count="4" type="stmt"/>
        <line num="17" count="4" type="stmt"/>
        <line num="18" count="4" type="stmt"/>
        <line num="19" count="4" type="stmt"/>
        <line num="21" count="4" type="stmt"/>
        <line num="23" count="1" type="stmt"/>
      </file>
      <file name="main.tsx" path="C:\Users\efrai\OneDrive\Escritorio\Escuela\vm\Prog Avanzada\IMC-Project\2025_proyecto1_front_imc\src\main.tsx">
        <metrics statements="9" coveredstatements="9" conditionals="0" coveredconditionals="0" methods="0" coveredmethods="0"/>
        <line num="1" count="1" type="stmt"/>
        <line num="2" count="1" type="stmt"/>
        <line num="3" count="1" type="stmt"/>
        <line num="4" count="1" type="stmt"/>
        <line num="6" count="1" type="stmt"/>
        <line num="7" count="1" type="stmt"/>
        <line num="8" count="1" type="stmt"/>
        <line num="9" count="1" type="stmt"/>
        <line num="10" count="1" type="stmt"/>
      </file>
    </package>
    <package name="src.components.common.footer">
      <metrics statements="7" coveredstatements="7" conditionals="1" coveredconditionals="1" methods="1" coveredmethods="1"/>
      <file name="Footer.tsx" path="C:\Users\efrai\OneDrive\Escritorio\Escuela\vm\Prog Avanzada\IMC-Project\2025_proyecto1_front_imc\src\components\common\footer\Footer.tsx">
        <metrics statements="7" coveredstatements="7" conditionals="1" coveredconditionals="1" methods="1" coveredmethods="1"/>
        <line num="1" count="4" type="cond" truecount="1" falsecount="0"/>
        <line num="2" count="4" type="stmt"/>
        <line num="3" count="4" type="stmt"/>
        <line num="4" count="4" type="stmt"/>
        <line num="5" count="4" type="stmt"/>
        <line num="7" count="4" type="stmt"/>
        <line num="9" count="1" type="stmt"/>
      </file>
    </package>
    <package name="src.components.common.header">
      <metrics statements="26" coveredstatements="26" conditionals="1" coveredconditionals="1" methods="1" coveredmethods="1"/>
      <file name="Header.tsx" path="C:\Users\efrai\OneDrive\Escritorio\Escuela\vm\Prog Avanzada\IMC-Project\2025_proyecto1_front_imc\src\components\common\header\Header.tsx">
        <metrics statements="26" coveredstatements="26" conditionals="1" coveredconditionals="1" methods="1" coveredmethods="1"/>
        <line num="1" count="1" type="stmt"/>
        <line num="3" count="5" type="cond" truecount="1" falsecount="0"/>
        <line num="4" count="5" type="stmt"/>
        <line num="5" count="5" type="stmt"/>
        <line num="7" count="5" type="stmt"/>
        <line num="9" count="5" type="stmt"/>
        <line num="10" count="5" type="stmt"/>
        <line num="12" count="5" type="stmt"/>
        <line num="13" count="5" type="stmt"/>
        <line num="14" count="5" type="stmt"/>
        <line num="15" count="5" type="stmt"/>
        <line num="16" count="5" type="stmt"/>
        <line num="19" count="5" type="stmt"/>
        <line num="20" count="5" type="stmt"/>
        <line num="21" count="5" type="stmt"/>
        <line num="22" count="5" type="stmt"/>
        <line num="23" count="5" type="stmt"/>
        <line num="26" count="5" type="stmt"/>
        <line num="27" count="5" type="stmt"/>
        <line num="28" count="5" type="stmt"/>
        <line num="29" count="5" type="stmt"/>
        <line num="30" count="5" type="stmt"/>
        <line num="31" count="5" type="stmt"/>
        <line num="32" count="5" type="stmt"/>
        <line num="34" count="5" type="stmt"/>
        <line num="36" count="1" type="stmt"/>
      </file>
    </package>
    <package name="src.components.common.layout">
      <metrics statements="21" coveredstatements="21" conditionals="1" coveredconditionals="1" methods="1" coveredmethods="1"/>
      <file name="Layout.tsx" path="C:\Users\efrai\OneDrive\Escritorio\Escuela\vm\Prog Avanzada\IMC-Project\2025_proyecto1_front_imc\src\components\common\layout\Layout.tsx">
        <metrics statements="21" coveredstatements="21" conditionals="1" coveredconditionals="1" methods="1" coveredmethods="1"/>
        <line num="1" count="1" type="stmt"/>
        <line num="2" count="1" type="stmt"/>
        <line num="3" count="1" type="stmt"/>
        <line num="5" count="1" type="cond" truecount="1" falsecount="0"/>
        <line num="6" count="5" type="stmt"/>
        <line num="7" count="5" type="stmt"/>
        <line num="9" count="5" type="stmt"/>
        <line num="12" count="5" type="stmt"/>
        <line num="13" count="5" type="stmt"/>
        <line num="14" count="5" type="stmt"/>
        <line num="17" count="5" type="stmt"/>
        <line num="20" count="5" type="stmt"/>
        <line num="21" count="5" type="stmt"/>
        <line num="22" count="5" type="stmt"/>
        <line num="23" count="5" type="stmt"/>
        <line num="24" count="5" type="stmt"/>
        <line num="25" count="5" type="stmt"/>
        <line num="26" count="5" type="stmt"/>
        <line num="27" count="5" type="stmt"/>
        <line num="29" count="5" type="stmt"/>
        <line num="31" count="1" type="stmt"/>
      </file>
    </package>
    <package name="src.components.imc.imcDashboard">
      <metrics statements="16" coveredstatements="16" conditionals="1" coveredconditionals="1" methods="1" coveredmethods="1"/>
      <file name="Dashboard.tsx" path="C:\Users\efrai\OneDrive\Escritorio\Escuela\vm\Prog Avanzada\IMC-Project\2025_proyecto1_front_imc\src\components\imc\imcDashboard\Dashboard.tsx">
        <metrics statements="16" coveredstatements="16" conditionals="1" coveredconditionals="1" methods="1" coveredmethods="1"/>
        <line num="1" count="1" type="stmt"/>
        <line num="4" count="1" type="cond" truecount="1" falsecount="0"/>
        <line num="5" count="2" type="stmt"/>
        <line num="6" count="2" type="stmt"/>
        <line num="7" count="2" type="stmt"/>
        <line num="8" count="2" type="stmt"/>
        <line num="9" count="2" type="stmt"/>
        <line num="10" count="2" type="stmt"/>
        <line num="11" count="2" type="stmt"/>
        <line num="12" count="2" type="stmt"/>
        <line num="13" count="2" type="stmt"/>
        <line num="14" count="2" type="stmt"/>
        <line num="15" count="2" type="stmt"/>
        <line num="16" count="2" type="stmt"/>
        <line num="18" count="2" type="stmt"/>
        <line num="20" count="1" type="stmt"/>
      </file>
    </package>
    <package name="src.components.imc.imcData">
      <metrics statements="142" coveredstatements="125" conditionals="34" coveredconditionals="30" methods="7" coveredmethods="5"/>
      <file name="ImcData.tsx" path="C:\Users\efrai\OneDrive\Escritorio\Escuela\vm\Prog Avanzada\IMC-Project\2025_proyecto1_front_imc\src\components\imc\imcData\ImcData.tsx">
        <metrics statements="142" coveredstatements="125" conditionals="34" coveredconditionals="30" methods="7" coveredmethods="5"/>
        <line num="1" count="1" type="stmt"/>
        <line num="2" count="1" type="stmt"/>
        <line num="3" count="1" type="stmt"/>
        <line num="4" count="1" type="stmt"/>
        <line num="15" count="1" type="cond" truecount="1" falsecount="0"/>
        <line num="16" count="44" type="stmt"/>
        <line num="17" count="44" type="stmt"/>
        <line num="18" count="44" type="stmt"/>
        <line num="19" count="44" type="stmt"/>
        <line num="20" count="44" type="stmt"/>
        <line num="22" count="44" type="cond" truecount="1" falsecount="0"/>
        <line num="23" count="19" type="stmt"/>
        <line num="24" count="19" type="stmt"/>
        <line num="25" count="19" type="stmt"/>
        <line num="27" count="19" type="stmt"/>
        <line num="28" count="19" type="cond" truecount="1" falsecount="0"/>
        <line num="29" count="19" type="cond" truecount="1" falsecount="0"/>
        <line num="30" count="19" type="stmt"/>
        <line num="32" count="19" type="cond" truecount="1" falsecount="0"/>
        <line num="33" count="3" type="cond" truecount="2" falsecount="0"/>
        <line num="34" count="3" type="stmt"/>
        <line num="35" count="19" type="stmt"/>
        <line num="36" count="19" type="stmt"/>
        <line num="37" count="19" type="stmt"/>
        <line num="38" count="19" type="stmt"/>
        <line num="40" count="44" type="cond" truecount="1" falsecount="0"/>
        <line num="41" count="3" type="stmt"/>
        <line num="42" count="3" type="stmt"/>
        <line num="44" count="44" type="stmt"/>
        <line num="45" count="0" type="stmt"/>
        <line num="46" count="0" type="stmt"/>
        <line num="47" count="0" type="stmt"/>
        <line num="48" count="0" type="stmt"/>
        <line num="50" count="44" type="stmt"/>
        <line num="51" count="0" type="stmt"/>
        <line num="52" count="0" type="stmt"/>
        <line num="54" count="44" type="cond" truecount="1" falsecount="0"/>
        <line num="55" count="30" type="stmt"/>
        <line num="56" count="30" type="stmt"/>
        <line num="57" count="30" type="stmt"/>
        <line num="58" count="30" type="stmt"/>
        <line num="59" count="30" type="stmt"/>
        <line num="60" count="30" type="stmt"/>
        <line num="61" count="30" type="stmt"/>
        <line num="62" count="30" type="stmt"/>
        <line num="63" count="30" type="stmt"/>
        <line num="65" count="44" type="cond" truecount="1" falsecount="0"/>
        <line num="66" count="30" type="stmt"/>
        <line num="67" count="30" type="cond" truecount="1" falsecount="0"/>
        <line num="68" count="8" type="stmt"/>
        <line num="69" count="30" type="cond" truecount="1" falsecount="0"/>
        <line num="70" count="30" type="cond" truecount="1" falsecount="0"/>
        <line num="71" count="11" type="stmt"/>
        <line num="72" count="30" type="cond" truecount="1" falsecount="0"/>
        <line num="73" count="8" type="stmt"/>
        <line num="74" count="30" type="cond" truecount="1" falsecount="0"/>
        <line num="75" count="30" type="cond" truecount="1" falsecount="0"/>
        <line num="76" count="30" type="cond" truecount="1" falsecount="0"/>
        <line num="77" count="30" type="cond" truecount="1" falsecount="0"/>
        <line num="78" count="3" type="stmt"/>
        <line num="79" count="30" type="cond" truecount="0" falsecount="1"/>
        <line num="80" count="0" type="stmt"/>
        <line num="81" count="30" type="stmt"/>
        <line num="82" count="30" type="stmt"/>
        <line num="84" count="44" type="stmt"/>
        <line num="85" count="44" type="stmt"/>
        <line num="86" count="44" type="stmt"/>
        <line num="87" count="44" type="stmt"/>
        <line num="88" count="44" type="stmt"/>
        <line num="89" count="44" type="stmt"/>
        <line num="90" count="44" type="stmt"/>
        <line num="92" count="44" type="cond" truecount="2" falsecount="0"/>
        <line num="93" count="44" type="stmt"/>
        <line num="95" count="44" type="stmt"/>
        <line num="96" count="44" type="stmt"/>
        <line num="97" count="44" type="stmt"/>
        <line num="98" count="44" type="stmt"/>
        <line num="100" count="44" type="stmt"/>
        <line num="102" count="44" type="cond" truecount="1" falsecount="0"/>
        <line num="103" count="14" type="stmt"/>
        <line num="104" count="14" type="stmt"/>
        <line num="105" count="14" type="stmt"/>
        <line num="106" count="14" type="stmt"/>
        <line num="108" count="14" type="stmt"/>
        <line num="111" count="44" type="cond" truecount="0" falsecount="1"/>
        <line num="112" count="0" type="stmt"/>
        <line num="113" count="0" type="stmt"/>
        <line num="114" count="0" type="stmt"/>
        <line num="115" count="0" type="stmt"/>
        <line num="117" count="0" type="stmt"/>
        <line num="119" count="44" type="stmt"/>
        <line num="121" count="44" type="cond" truecount="1" falsecount="0"/>
        <line num="122" count="3" type="stmt"/>
        <line num="123" count="3" type="stmt"/>
        <line num="124" count="3" type="stmt"/>
        <line num="127" count="44" type="cond" truecount="4" falsecount="0"/>
        <line num="128" count="2" type="stmt"/>
        <line num="129" count="2" type="stmt"/>
        <line num="130" count="2" type="stmt"/>
        <line num="133" count="44" type="cond" truecount="3" falsecount="0"/>
        <line num="134" count="12" type="stmt"/>
        <line num="135" count="12" type="stmt"/>
        <line num="136" count="12" type="cond" truecount="0" falsecount="1"/>
        <line num="137" count="12" type="stmt"/>
        <line num="139" count="12" type="stmt"/>
        <line num="140" count="12" type="stmt"/>
        <line num="141" count="12" type="stmt"/>
        <line num="142" count="12" type="stmt"/>
        <line num="143" count="12" type="stmt"/>
        <line num="144" count="12" type="stmt"/>
        <line num="145" count="12" type="stmt"/>
        <line num="146" count="12" type="stmt"/>
        <line num="147" count="12" type="stmt"/>
        <line num="148" count="12" type="stmt"/>
        <line num="149" count="12" type="stmt"/>
        <line num="150" count="12" type="stmt"/>
        <line num="151" count="12" type="stmt"/>
        <line num="152" count="12" type="cond" truecount="1" falsecount="0"/>
        <line num="153" count="30" type="stmt"/>
        <line num="154" count="30" type="stmt"/>
        <line num="155" count="30" type="stmt"/>
        <line num="156" count="30" type="stmt"/>
        <line num="157" count="30" type="stmt"/>
        <line num="158" count="30" type="stmt"/>
        <line num="159" count="30" type="stmt"/>
        <line num="160" count="30" type="stmt"/>
        <line num="161" count="30" type="stmt"/>
        <line num="162" count="30" type="stmt"/>
        <line num="163" count="12" type="stmt"/>
        <line num="164" count="12" type="stmt"/>
        <line num="165" count="12" type="stmt"/>
        <line num="166" count="12" type="stmt"/>
        <line num="167" count="12" type="stmt"/>
        <line num="170" count="44" type="cond" truecount="0" falsecount="1"/>
        <line num="171" count="0" type="stmt"/>
        <line num="172" count="0" type="stmt"/>
        <line num="174" count="0" type="stmt"/>
        <line num="175" count="0" type="stmt"/>
        <line num="176" count="0" type="stmt"/>
        <line num="178" count="44" type="stmt"/>
        <line num="180" count="44" type="stmt"/>
        <line num="182" count="1" type="stmt"/>
      </file>
    </package>
    <package name="src.components.imc.imcForm">
      <metrics statements="87" coveredstatements="73" conditionals="17" coveredconditionals="11" methods="5" coveredmethods="5"/>
      <file name="FormValidator.ts" path="C:\Users\efrai\OneDrive\Escritorio\Escuela\vm\Prog Avanzada\IMC-Project\2025_proyecto1_front_imc\src\components\imc\imcForm\FormValidator.ts">
        <metrics statements="12" coveredstatements="10" conditionals="7" coveredconditionals="6" methods="1" coveredmethods="1"/>
        <line num="1" count="1" type="cond" truecount="1" falsecount="0"/>
        <line num="3" count="6" type="cond" truecount="0" falsecount="1"/>
        <line num="4" count="0" type="stmt"/>
        <line num="5" count="0" type="stmt"/>
        <line num="7" count="6" type="cond" truecount="2" falsecount="0"/>
        <line num="8" count="2" type="stmt"/>
        <line num="9" count="2" type="cond" truecount="1" falsecount="0"/>
        <line num="11" count="6" type="cond" truecount="2" falsecount="0"/>
        <line num="12" count="2" type="stmt"/>
        <line num="13" count="2" type="stmt"/>
        <line num="15" count="2" type="stmt"/>
        <line num="16" count="2" type="stmt"/>
      </file>
      <file name="ImcForm.tsx" path="C:\Users\efrai\OneDrive\Escritorio\Escuela\vm\Prog Avanzada\IMC-Project\2025_proyecto1_front_imc\src\components\imc\imcForm\ImcForm.tsx">
        <metrics statements="75" coveredstatements="63" conditionals="10" coveredconditionals="5" methods="4" coveredmethods="4"/>
        <line num="1" count="1" type="stmt"/>
        <line num="2" count="1" type="stmt"/>
        <line num="3" count="1" type="stmt"/>
        <line num="4" count="1" type="stmt"/>
        <line num="12" count="4" type="cond" truecount="1" falsecount="0"/>
        <line num="13" count="4" type="stmt"/>
        <line num="14" count="4" type="stmt"/>
        <line num="15" count="4" type="stmt"/>
        <line num="16" count="4" type="stmt"/>
        <line num="18" count="4" type="cond" truecount="1" falsecount="0"/>
        <line num="19" count="1" type="stmt"/>
        <line num="21" count="1" type="stmt"/>
        <line num="22" count="1" type="stmt"/>
        <line num="24" count="1" type="stmt"/>
        <line num="26" count="1" type="cond" truecount="0" falsecount="1"/>
        <line num="27" count="0" type="stmt"/>
        <line num="28" count="0" type="stmt"/>
        <line num="29" count="0" type="stmt"/>
        <line num="30" count="1" type="stmt"/>
        <line num="32" count="1" type="stmt"/>
        <line num="33" count="1" type="stmt"/>
        <line num="35" count="1" type="stmt"/>
        <line num="38" count="1" type="stmt"/>
        <line num="39" count="1" type="cond" truecount="0" falsecount="1"/>
        <line num="40" count="1" type="stmt"/>
        <line num="41" count="1" type="stmt"/>
        <line num="42" count="1" type="stmt"/>
        <line num="43" count="1" type="stmt"/>
        <line num="44" count="1" type="cond" truecount="0" falsecount="1"/>
        <line num="46" count="0" type="stmt"/>
        <line num="48" count="0" type="stmt"/>
        <line num="49" count="0" type="stmt"/>
        <line num="50" count="0" type="stmt"/>
        <line num="51" count="0" type="stmt"/>
        <line num="52" count="0" type="stmt"/>
        <line num="53" count="1" type="stmt"/>
        <line num="55" count="4" type="stmt"/>
        <line num="56" count="4" type="stmt"/>
        <line num="57" count="4" type="stmt"/>
        <line num="58" count="4" type="stmt"/>
        <line num="59" count="4" type="stmt"/>
        <line num="60" count="4" type="stmt"/>
        <line num="61" count="4" type="stmt"/>
        <line num="62" count="4" type="stmt"/>
        <line num="63" count="4" type="stmt"/>
        <line num="64" count="4" type="stmt"/>
        <line num="65" count="4" type="cond" truecount="1" falsecount="0"/>
        <line num="66" count="4" type="stmt"/>
        <line num="67" count="4" type="stmt"/>
        <line num="68" count="4" type="stmt"/>
        <line num="69" count="4" type="stmt"/>
        <line num="70" count="4" type="stmt"/>
        <line num="71" count="4" type="stmt"/>
        <line num="72" count="4" type="stmt"/>
        <line num="73" count="4" type="cond" truecount="1" falsecount="0"/>
        <line num="74" count="4" type="stmt"/>
        <line num="75" count="4" type="stmt"/>
        <line num="76" count="4" type="stmt"/>
        <line num="77" count="4" type="stmt"/>
        <line num="79" count="4" type="cond" truecount="1" falsecount="0"/>
        <line num="80" count="1" type="stmt"/>
        <line num="81" count="1" type="cond" truecount="0" falsecount="1"/>
        <line num="82" count="1" type="stmt"/>
        <line num="83" count="1" type="stmt"/>
        <line num="84" count="1" type="stmt"/>
        <line num="85" count="1" type="stmt"/>
        <line num="86" count="1" type="stmt"/>
        <line num="89" count="4" type="cond" truecount="0" falsecount="1"/>
        <line num="90" count="0" type="stmt"/>
        <line num="91" count="0" type="stmt"/>
        <line num="92" count="0" type="stmt"/>
        <line num="94" count="4" type="stmt"/>
        <line num="96" count="4" type="stmt"/>
        <line num="98" count="4" type="stmt"/>
        <line num="100" count="1" type="stmt"/>
      </file>
    </package>
    <package name="src.components.services">
      <metrics statements="22" coveredstatements="12" conditionals="2" coveredconditionals="1" methods="2" coveredmethods="1"/>
      <file name="imcService.ts" path="C:\Users\efrai\OneDrive\Escritorio\Escuela\vm\Prog Avanzada\IMC-Project\2025_proyecto1_front_imc\src\components\services\imcService.ts">
        <metrics statements="22" coveredstatements="12" conditionals="2" coveredconditionals="1" methods="2" coveredmethods="1"/>
        <line num="1" count="1" type="stmt"/>
        <line num="3" count="1" type="cond" truecount="1" falsecount="0"/>
        <line num="4" count="1" type="stmt"/>
        <line num="5" count="1" type="stmt"/>
        <line num="6" count="1" type="stmt"/>
        <line num="7" count="1" type="stmt"/>
        <line num="8" count="1" type="stmt"/>
        <line num="9" count="1" type="stmt"/>
        <line num="10" count="1" type="cond" truecount="0" falsecount="1"/>
        <line num="11" count="0" type="stmt"/>
        <line num="12" count="0" type="stmt"/>
        <line num="13" count="1" type="stmt"/>
        <line num="14" count="1" type="stmt"/>
        <line num="16" count="1" type="stmt"/>
        <line num="17" count="0" type="stmt"/>
        <line num="18" count="0" type="stmt"/>
        <line num="19" count="0" type="stmt"/>
        <line num="20" count="0" type="stmt"/>
        <line num="21" count="0" type="stmt"/>
        <line num="22" count="0" type="stmt"/>
        <line num="23" count="0" type="stmt"/>
        <line num="24" count="0" type="stmt"/>
      </file>
    </package>
  </project>
</coverage>
