{"C:\\Users\\efrai\\OneDrive\\Escritorio\\Escuela\\vm\\Prog Avanzada\\IMC-Project\\2025_proyecto1_front_imc\\src\\App.tsx": {"path":"C:\\Users\\efrai\\OneDrive\\Escritorio\\Escuela\\vm\\Prog Avanzada\\IMC-Project\\2025_proyecto1_front_imc\\src\\App.tsx","all":false,"statementMap":{"0":{"start":{"line":1,"column":0},"end":{"line":1,"column":54}},"1":{"start":{"line":2,"column":0},"end":{"line":2,"column":54}},"2":{"start":{"line":3,"column":0},"end":{"line":3,"column":63}},"4":{"start":{"line":5,"column":0},"end":{"line":5,"column":16}},"6":{"start":{"line":7,"column":0},"end":{"line":7,"column":10}},"7":{"start":{"line":8,"column":0},"end":{"line":8,"column":6}},"8":{"start":{"line":9,"column":0},"end":{"line":9,"column":13}},"9":{"start":{"line":10,"column":0},"end":{"line":10,"column":37}},"10":{"start":{"line":11,"column":0},"end":{"line":11,"column":40}},"11":{"start":{"line":12,"column":0},"end":{"line":12,"column":21}},"12":{"start":{"line":13,"column":0},"end":{"line":13,"column":14}},"13":{"start":{"line":14,"column":0},"end":{"line":14,"column":40}},"14":{"start":{"line":15,"column":0},"end":{"line":15,"column":30}},"15":{"start":{"line":16,"column":0},"end":{"line":16,"column":14}},"16":{"start":{"line":17,"column":0},"end":{"line":17,"column":12}},"17":{"start":{"line":18,"column":0},"end":{"line":18,"column":13}},"18":{"start":{"line":19,"column":0},"end":{"line":19,"column":5}},"20":{"start":{"line":21,"column":0},"end":{"line":21,"column":1}},"22":{"start":{"line":23,"column":0},"end":{"line":23,"column":18}}},"s":{"0":1,"1":1,"2":1,"4":4,"6":4,"7":4,"8":4,"9":4,"10":4,"11":4,"12":4,"13":4,"14":4,"15":4,"16":4,"17":4,"18":4,"20":4,"22":1},"branchMap":{"0":{"type":"branch","line":5,"loc":{"start":{"line":5,"column":0},"end":{"line":21,"column":1}},"locations":[{"start":{"line":5,"column":0},"end":{"line":21,"column":1}}]}},"b":{"0":[4]},"fnMap":{"0":{"name":"App","decl":{"start":{"line":5,"column":0},"end":{"line":21,"column":1}},"loc":{"start":{"line":5,"column":0},"end":{"line":21,"column":1}},"line":5}},"f":{"0":4}}
,"C:\\Users\\efrai\\OneDrive\\Escritorio\\Escuela\\vm\\Prog Avanzada\\IMC-Project\\2025_proyecto1_front_imc\\src\\main.tsx": {"path":"C:\\Users\\efrai\\OneDrive\\Escritorio\\Escuela\\vm\\Prog Avanzada\\IMC-Project\\2025_proyecto1_front_imc\\src\\main.tsx","all":false,"statementMap":{"0":{"start":{"line":1,"column":0},"end":{"line":1,"column":25}},"1":{"start":{"line":2,"column":0},"end":{"line":2,"column":39}},"2":{"start":{"line":3,"column":0},"end":{"line":3,"column":27}},"3":{"start":{"line":4,"column":0},"end":{"line":4,"column":20}},"5":{"start":{"line":6,"column":0},"end":{"line":6,"column":61}},"6":{"start":{"line":7,"column":0},"end":{"line":7,"column":20}},"7":{"start":{"line":8,"column":0},"end":{"line":8,"column":11}},"8":{"start":{"line":9,"column":0},"end":{"line":9,"column":22}},"9":{"start":{"line":10,"column":0},"end":{"line":10,"column":1}}},"s":{"0":1,"1":1,"2":1,"3":1,"5":1,"6":1,"7":1,"8":1,"9":1},"branchMap":{},"b":{},"fnMap":{},"f":{}}
,"C:\\Users\\efrai\\OneDrive\\Escritorio\\Escuela\\vm\\Prog Avanzada\\IMC-Project\\2025_proyecto1_front_imc\\src\\components\\common\\footer\\Footer.tsx": {"path":"C:\\Users\\efrai\\OneDrive\\Escritorio\\Escuela\\vm\\Prog Avanzada\\IMC-Project\\2025_proyecto1_front_imc\\src\\components\\common\\footer\\Footer.tsx","all":false,"statementMap":{"0":{"start":{"line":1,"column":0},"end":{"line":1,"column":19}},"1":{"start":{"line":2,"column":0},"end":{"line":2,"column":10}},"2":{"start":{"line":3,"column":0},"end":{"line":3,"column":64}},"3":{"start":{"line":4,"column":0},"end":{"line":4,"column":109}},"4":{"start":{"line":5,"column":0},"end":{"line":5,"column":13}},"6":{"start":{"line":7,"column":0},"end":{"line":7,"column":1}},"8":{"start":{"line":9,"column":0},"end":{"line":9,"column":22}}},"s":{"0":4,"1":4,"2":4,"3":4,"4":4,"6":4,"8":1},"branchMap":{"0":{"type":"branch","line":1,"loc":{"start":{"line":1,"column":0},"end":{"line":7,"column":1}},"locations":[{"start":{"line":1,"column":0},"end":{"line":7,"column":1}}]}},"b":{"0":[4]},"fnMap":{"0":{"name":"Footer","decl":{"start":{"line":1,"column":0},"end":{"line":7,"column":1}},"loc":{"start":{"line":1,"column":0},"end":{"line":7,"column":1}},"line":1}},"f":{"0":4}}
,"C:\\Users\\efrai\\OneDrive\\Escritorio\\Escuela\\vm\\Prog Avanzada\\IMC-Project\\2025_proyecto1_front_imc\\src\\components\\common\\header\\Header.tsx": {"path":"C:\\Users\\efrai\\OneDrive\\Escritorio\\Escuela\\vm\\Prog Avanzada\\IMC-Project\\2025_proyecto1_front_imc\\src\\components\\common\\header\\Header.tsx","all":false,"statementMap":{"0":{"start":{"line":1,"column":0},"end":{"line":1,"column":22}},"2":{"start":{"line":3,"column":0},"end":{"line":3,"column":19}},"3":{"start":{"line":4,"column":0},"end":{"line":4,"column":10}},"4":{"start":{"line":5,"column":0},"end":{"line":5,"column":35}},"6":{"start":{"line":7,"column":0},"end":{"line":7,"column":42}},"8":{"start":{"line":9,"column":0},"end":{"line":9,"column":38}},"9":{"start":{"line":10,"column":0},"end":{"line":10,"column":37}},"11":{"start":{"line":12,"column":0},"end":{"line":12,"column":39}},"12":{"start":{"line":13,"column":0},"end":{"line":13,"column":71}},"13":{"start":{"line":14,"column":0},"end":{"line":14,"column":284}},"14":{"start":{"line":15,"column":0},"end":{"line":15,"column":18}},"15":{"start":{"line":16,"column":0},"end":{"line":16,"column":16}},"18":{"start":{"line":19,"column":0},"end":{"line":19,"column":39}},"19":{"start":{"line":20,"column":0},"end":{"line":20,"column":61}},"20":{"start":{"line":21,"column":0},"end":{"line":21,"column":56}},"21":{"start":{"line":22,"column":0},"end":{"line":22,"column":16}},"22":{"start":{"line":23,"column":0},"end":{"line":23,"column":14}},"25":{"start":{"line":26,"column":0},"end":{"line":26,"column":43}},"26":{"start":{"line":27,"column":0},"end":{"line":27,"column":57}},"27":{"start":{"line":28,"column":0},"end":{"line":28,"column":57}},"28":{"start":{"line":29,"column":0},"end":{"line":29,"column":57}},"29":{"start":{"line":30,"column":0},"end":{"line":30,"column":14}},"30":{"start":{"line":31,"column":0},"end":{"line":31,"column":12}},"31":{"start":{"line":32,"column":0},"end":{"line":32,"column":13}},"33":{"start":{"line":34,"column":0},"end":{"line":34,"column":1}},"35":{"start":{"line":36,"column":0},"end":{"line":36,"column":22}}},"s":{"0":1,"2":5,"3":5,"4":5,"6":5,"8":5,"9":5,"11":5,"12":5,"13":5,"14":5,"15":5,"18":5,"19":5,"20":5,"21":5,"22":5,"25":5,"26":5,"27":5,"28":5,"29":5,"30":5,"31":5,"33":5,"35":1},"branchMap":{"0":{"type":"branch","line":3,"loc":{"start":{"line":3,"column":0},"end":{"line":34,"column":1}},"locations":[{"start":{"line":3,"column":0},"end":{"line":34,"column":1}}]}},"b":{"0":[5]},"fnMap":{"0":{"name":"Header","decl":{"start":{"line":3,"column":0},"end":{"line":34,"column":1}},"loc":{"start":{"line":3,"column":0},"end":{"line":34,"column":1}},"line":3}},"f":{"0":5}}
,"C:\\Users\\efrai\\OneDrive\\Escritorio\\Escuela\\vm\\Prog Avanzada\\IMC-Project\\2025_proyecto1_front_imc\\src\\components\\common\\layout\\Layout.tsx": {"path":"C:\\Users\\efrai\\OneDrive\\Escritorio\\Escuela\\vm\\Prog Avanzada\\IMC-Project\\2025_proyecto1_front_imc\\src\\components\\common\\layout\\Layout.tsx","all":false,"statementMap":{"0":{"start":{"line":1,"column":0},"end":{"line":1,"column":38}},"1":{"start":{"line":2,"column":0},"end":{"line":2,"column":38}},"2":{"start":{"line":3,"column":0},"end":{"line":3,"column":22}},"4":{"start":{"line":5,"column":0},"end":{"line":5,"column":65}},"5":{"start":{"line":6,"column":0},"end":{"line":6,"column":10}},"6":{"start":{"line":7,"column":0},"end":{"line":7,"column":32}},"8":{"start":{"line":9,"column":0},"end":{"line":9,"column":47}},"11":{"start":{"line":12,"column":0},"end":{"line":12,"column":42}},"12":{"start":{"line":13,"column":0},"end":{"line":13,"column":42}},"13":{"start":{"line":14,"column":0},"end":{"line":14,"column":42}},"16":{"start":{"line":17,"column":0},"end":{"line":17,"column":41}},"19":{"start":{"line":20,"column":0},"end":{"line":20,"column":38}},"20":{"start":{"line":21,"column":0},"end":{"line":21,"column":18}},"21":{"start":{"line":22,"column":0},"end":{"line":22,"column":38}},"22":{"start":{"line":23,"column":0},"end":{"line":23,"column":20}},"23":{"start":{"line":24,"column":0},"end":{"line":24,"column":15}},"24":{"start":{"line":25,"column":0},"end":{"line":25,"column":18}},"25":{"start":{"line":26,"column":0},"end":{"line":26,"column":12}},"26":{"start":{"line":27,"column":0},"end":{"line":27,"column":10}},"28":{"start":{"line":29,"column":0},"end":{"line":29,"column":2}},"30":{"start":{"line":31,"column":0},"end":{"line":31,"column":22}}},"s":{"0":1,"1":1,"2":1,"4":1,"5":5,"6":5,"8":5,"11":5,"12":5,"13":5,"16":5,"19":5,"20":5,"21":5,"22":5,"23":5,"24":5,"25":5,"26":5,"28":5,"30":1},"branchMap":{"0":{"type":"branch","line":5,"loc":{"start":{"line":5,"column":15},"end":{"line":29,"column":2}},"locations":[{"start":{"line":5,"column":15},"end":{"line":29,"column":2}}]}},"b":{"0":[5]},"fnMap":{"0":{"name":"Layout","decl":{"start":{"line":5,"column":15},"end":{"line":29,"column":2}},"loc":{"start":{"line":5,"column":15},"end":{"line":29,"column":2}},"line":5}},"f":{"0":5}}
,"C:\\Users\\efrai\\OneDrive\\Escritorio\\Escuela\\vm\\Prog Avanzada\\IMC-Project\\2025_proyecto1_front_imc\\src\\components\\imc\\imcData\\ImcData.tsx": {"path":"C:\\Users\\efrai\\OneDrive\\Escritorio\\Escuela\\vm\\Prog Avanzada\\IMC-Project\\2025_proyecto1_front_imc\\src\\components\\imc\\imcData\\ImcData.tsx","all":false,"statementMap":{"0":{"start":{"line":1,"column":0},"end":{"line":1,"column":40}},"1":{"start":{"line":2,"column":0},"end":{"line":2,"column":23}},"2":{"start":{"line":3,"column":0},"end":{"line":3,"column":60}},"13":{"start":{"line":14,"column":0},"end":{"line":14,"column":42}},"14":{"start":{"line":15,"column":0},"end":{"line":15,"column":52}},"15":{"start":{"line":16,"column":0},"end":{"line":16,"column":57}},"16":{"start":{"line":17,"column":0},"end":{"line":17,"column":49}},"17":{"start":{"line":18,"column":0},"end":{"line":18,"column":67}},"19":{"start":{"line":20,"column":0},"end":{"line":20,"column":44}},"20":{"start":{"line":21,"column":0},"end":{"line":21,"column":21}},"21":{"start":{"line":22,"column":0},"end":{"line":22,"column":17}},"23":{"start":{"line":24,"column":0},"end":{"line":24,"column":9}},"24":{"start":{"line":25,"column":0},"end":{"line":25,"column":43}},"27":{"start":{"line":28,"column":0},"end":{"line":28,"column":27}},"28":{"start":{"line":29,"column":0},"end":{"line":29,"column":28}},"30":{"start":{"line":31,"column":0},"end":{"line":31,"column":19}},"31":{"start":{"line":32,"column":0},"end":{"line":32,"column":73}},"32":{"start":{"line":33,"column":0},"end":{"line":33,"column":52}},"33":{"start":{"line":34,"column":0},"end":{"line":34,"column":15}},"34":{"start":{"line":35,"column":0},"end":{"line":35,"column":24}},"35":{"start":{"line":36,"column":0},"end":{"line":36,"column":5}},"36":{"start":{"line":37,"column":0},"end":{"line":37,"column":4}},"38":{"start":{"line":39,"column":0},"end":{"line":39,"column":30}},"39":{"start":{"line":40,"column":0},"end":{"line":40,"column":27}},"40":{"start":{"line":41,"column":0},"end":{"line":41,"column":4}},"42":{"start":{"line":43,"column":0},"end":{"line":43,"column":45}},"43":{"start":{"line":44,"column":0},"end":{"line":44,"column":52}},"44":{"start":{"line":45,"column":0},"end":{"line":45,"column":22}},"45":{"start":{"line":46,"column":0},"end":{"line":46,"column":23}},"46":{"start":{"line":47,"column":0},"end":{"line":47,"column":21}},"47":{"start":{"line":48,"column":0},"end":{"line":48,"column":22}},"48":{"start":{"line":49,"column":0},"end":{"line":49,"column":24}},"49":{"start":{"line":50,"column":0},"end":{"line":50,"column":23}},"50":{"start":{"line":51,"column":0},"end":{"line":51,"column":7}},"51":{"start":{"line":52,"column":0},"end":{"line":52,"column":4}},"53":{"start":{"line":54,"column":0},"end":{"line":54,"column":56}},"54":{"start":{"line":55,"column":0},"end":{"line":55,"column":38}},"55":{"start":{"line":56,"column":0},"end":{"line":56,"column":23}},"56":{"start":{"line":57,"column":0},"end":{"line":57,"column":37}},"57":{"start":{"line":58,"column":0},"end":{"line":58,"column":25}},"58":{"start":{"line":59,"column":0},"end":{"line":59,"column":20}},"59":{"start":{"line":60,"column":0},"end":{"line":60,"column":34}},"60":{"start":{"line":61,"column":0},"end":{"line":61,"column":23}},"61":{"start":{"line":62,"column":0},"end":{"line":62,"column":37}},"62":{"start":{"line":63,"column":0},"end":{"line":63,"column":22}},"63":{"start":{"line":64,"column":0},"end":{"line":64,"column":30}},"64":{"start":{"line":65,"column":0},"end":{"line":65,"column":31}},"65":{"start":{"line":66,"column":0},"end":{"line":66,"column":32}},"66":{"start":{"line":67,"column":0},"end":{"line":67,"column":36}},"67":{"start":{"line":68,"column":0},"end":{"line":68,"column":14}},"68":{"start":{"line":69,"column":0},"end":{"line":69,"column":18}},"69":{"start":{"line":70,"column":0},"end":{"line":70,"column":5}},"70":{"start":{"line":71,"column":0},"end":{"line":71,"column":4}},"72":{"start":{"line":73,"column":0},"end":{"line":73,"column":10}},"73":{"start":{"line":74,"column":0},"end":{"line":74,"column":40}},"74":{"start":{"line":75,"column":0},"end":{"line":75,"column":41}},"75":{"start":{"line":76,"column":0},"end":{"line":76,"column":16}},"76":{"start":{"line":77,"column":0},"end":{"line":77,"column":39}},"77":{"start":{"line":78,"column":0},"end":{"line":78,"column":41}},"78":{"start":{"line":79,"column":0},"end":{"line":79,"column":28}},"80":{"start":{"line":81,"column":0},"end":{"line":81,"column":64}},"81":{"start":{"line":82,"column":0},"end":{"line":82,"column":17}},"83":{"start":{"line":84,"column":0},"end":{"line":84,"column":26}},"84":{"start":{"line":85,"column":0},"end":{"line":85,"column":18}},"85":{"start":{"line":86,"column":0},"end":{"line":86,"column":35}},"86":{"start":{"line":87,"column":0},"end":{"line":87,"column":34}},"87":{"start":{"line":88,"column":0},"end":{"line":88,"column":11}},"89":{"start":{"line":90,"column":0},"end":{"line":90,"column":19}},"91":{"start":{"line":92,"column":0},"end":{"line":92,"column":12}},"93":{"start":{"line":94,"column":0},"end":{"line":94,"column":17}},"94":{"start":{"line":95,"column":0},"end":{"line":95,"column":39}},"95":{"start":{"line":96,"column":0},"end":{"line":96,"column":53}},"96":{"start":{"line":97,"column":0},"end":{"line":97,"column":14}},"99":{"start":{"line":100,"column":0},"end":{"line":100,"column":67}},"100":{"start":{"line":101,"column":0},"end":{"line":101,"column":41}},"101":{"start":{"line":102,"column":0},"end":{"line":102,"column":62}},"102":{"start":{"line":103,"column":0},"end":{"line":103,"column":14}},"105":{"start":{"line":106,"column":0},"end":{"line":106,"column":53}},"106":{"start":{"line":107,"column":0},"end":{"line":107,"column":41}},"107":{"start":{"line":108,"column":0},"end":{"line":108,"column":39}},"108":{"start":{"line":109,"column":0},"end":{"line":109,"column":73}},"109":{"start":{"line":110,"column":0},"end":{"line":110,"column":15}},"111":{"start":{"line":112,"column":0},"end":{"line":112,"column":41}},"112":{"start":{"line":113,"column":0},"end":{"line":113,"column":41}},"113":{"start":{"line":114,"column":0},"end":{"line":114,"column":21}},"114":{"start":{"line":115,"column":0},"end":{"line":115,"column":20}},"115":{"start":{"line":116,"column":0},"end":{"line":116,"column":29}},"116":{"start":{"line":117,"column":0},"end":{"line":117,"column":37}},"117":{"start":{"line":118,"column":0},"end":{"line":118,"column":36}},"118":{"start":{"line":119,"column":0},"end":{"line":119,"column":30}},"119":{"start":{"line":120,"column":0},"end":{"line":120,"column":36}},"120":{"start":{"line":121,"column":0},"end":{"line":121,"column":39}},"121":{"start":{"line":122,"column":0},"end":{"line":122,"column":21}},"122":{"start":{"line":123,"column":0},"end":{"line":123,"column":22}},"123":{"start":{"line":124,"column":0},"end":{"line":124,"column":21}},"124":{"start":{"line":125,"column":0},"end":{"line":125,"column":38}},"125":{"start":{"line":126,"column":0},"end":{"line":126,"column":36}},"126":{"start":{"line":127,"column":0},"end":{"line":127,"column":38}},"127":{"start":{"line":128,"column":0},"end":{"line":128,"column":42}},"128":{"start":{"line":129,"column":0},"end":{"line":129,"column":40}},"129":{"start":{"line":130,"column":0},"end":{"line":130,"column":66}},"130":{"start":{"line":131,"column":0},"end":{"line":131,"column":89}},"131":{"start":{"line":132,"column":0},"end":{"line":132,"column":38}},"132":{"start":{"line":133,"column":0},"end":{"line":133,"column":25}},"133":{"start":{"line":134,"column":0},"end":{"line":134,"column":79}},"134":{"start":{"line":135,"column":0},"end":{"line":135,"column":23}},"135":{"start":{"line":136,"column":0},"end":{"line":136,"column":19}},"136":{"start":{"line":137,"column":0},"end":{"line":137,"column":22}},"137":{"start":{"line":138,"column":0},"end":{"line":138,"column":20}},"138":{"start":{"line":139,"column":0},"end":{"line":139,"column":16}},"139":{"start":{"line":140,"column":0},"end":{"line":140,"column":14}},"141":{"start":{"line":142,"column":0},"end":{"line":142,"column":10}},"143":{"start":{"line":144,"column":0},"end":{"line":144,"column":2}},"145":{"start":{"line":146,"column":0},"end":{"line":146,"column":32}}},"s":{"0":1,"1":1,"2":1,"13":1,"14":44,"15":44,"16":44,"17":44,"19":44,"20":19,"21":19,"23":19,"24":19,"27":19,"28":19,"30":19,"31":3,"32":3,"33":19,"34":19,"35":19,"36":19,"38":44,"39":3,"40":3,"42":44,"43":30,"44":30,"45":30,"46":30,"47":30,"48":30,"49":30,"50":30,"51":30,"53":44,"54":30,"55":30,"56":8,"57":30,"58":30,"59":11,"60":30,"61":8,"62":30,"63":30,"64":30,"65":30,"66":3,"67":30,"68":0,"69":30,"70":30,"72":44,"73":44,"74":44,"75":44,"76":44,"77":44,"78":44,"80":44,"81":44,"83":44,"84":14,"85":14,"86":14,"87":14,"89":14,"91":44,"93":44,"94":3,"95":3,"96":3,"99":44,"100":2,"101":2,"102":2,"105":44,"106":12,"107":12,"108":12,"109":12,"111":12,"112":12,"113":12,"114":12,"115":12,"116":12,"117":12,"118":12,"119":12,"120":12,"121":12,"122":12,"123":12,"124":12,"125":30,"126":30,"127":30,"128":30,"129":30,"130":30,"131":30,"132":30,"133":30,"134":30,"135":12,"136":12,"137":12,"138":12,"139":12,"141":44,"143":44,"145":1},"branchMap":{"0":{"type":"branch","line":14,"loc":{"start":{"line":14,"column":35},"end":{"line":144,"column":2}},"locations":[{"start":{"line":14,"column":35},"end":{"line":144,"column":2}}]},"1":{"type":"branch","line":81,"loc":{"start":{"line":81,"column":11},"end":{"line":81,"column":37}},"locations":[{"start":{"line":81,"column":11},"end":{"line":81,"column":37}}]},"2":{"type":"branch","line":81,"loc":{"start":{"line":81,"column":21},"end":{"line":81,"column":64}},"locations":[{"start":{"line":81,"column":21},"end":{"line":81,"column":64}}]},"3":{"type":"branch","line":84,"loc":{"start":{"line":84,"column":9},"end":{"line":90,"column":19}},"locations":[{"start":{"line":84,"column":9},"end":{"line":90,"column":19}}]},"4":{"type":"branch","line":94,"loc":{"start":{"line":94,"column":7},"end":{"line":97,"column":14}},"locations":[{"start":{"line":94,"column":7},"end":{"line":97,"column":14}}]},"5":{"type":"branch","line":100,"loc":{"start":{"line":100,"column":7},"end":{"line":100,"column":35}},"locations":[{"start":{"line":100,"column":7},"end":{"line":100,"column":35}}]},"6":{"type":"branch","line":100,"loc":{"start":{"line":100,"column":24},"end":{"line":100,"column":44}},"locations":[{"start":{"line":100,"column":24},"end":{"line":100,"column":44}}]},"7":{"type":"branch","line":100,"loc":{"start":{"line":100,"column":35},"end":{"line":100,"column":67}},"locations":[{"start":{"line":100,"column":35},"end":{"line":100,"column":67}}]},"8":{"type":"branch","line":100,"loc":{"start":{"line":100,"column":61},"end":{"line":103,"column":14}},"locations":[{"start":{"line":100,"column":61},"end":{"line":103,"column":14}}]},"9":{"type":"branch","line":106,"loc":{"start":{"line":106,"column":7},"end":{"line":106,"column":32}},"locations":[{"start":{"line":106,"column":7},"end":{"line":106,"column":32}}]},"10":{"type":"branch","line":106,"loc":{"start":{"line":106,"column":23},"end":{"line":106,"column":53}},"locations":[{"start":{"line":106,"column":23},"end":{"line":106,"column":53}}]},"11":{"type":"branch","line":106,"loc":{"start":{"line":106,"column":47},"end":{"line":140,"column":14}},"locations":[{"start":{"line":106,"column":47},"end":{"line":140,"column":14}}]},"12":{"type":"branch","line":109,"loc":{"start":{"line":109,"column":50},"end":{"line":109,"column":62}},"locations":[{"start":{"line":109,"column":50},"end":{"line":109,"column":62}}]},"13":{"type":"branch","line":20,"loc":{"start":{"line":20,"column":31},"end":{"line":37,"column":4}},"locations":[{"start":{"line":20,"column":31},"end":{"line":37,"column":4}}]},"14":{"type":"branch","line":25,"loc":{"start":{"line":25,"column":41},"end":{"line":28,"column":23}},"locations":[{"start":{"line":25,"column":41},"end":{"line":28,"column":23}}]},"15":{"type":"branch","line":28,"loc":{"start":{"line":28,"column":15},"end":{"line":28,"column":25}},"locations":[{"start":{"line":28,"column":15},"end":{"line":28,"column":25}}]},"16":{"type":"branch","line":31,"loc":{"start":{"line":31,"column":4},"end":{"line":34,"column":6}},"locations":[{"start":{"line":31,"column":4},"end":{"line":34,"column":6}}]},"17":{"type":"branch","line":32,"loc":{"start":{"line":32,"column":30},"end":{"line":32,"column":52}},"locations":[{"start":{"line":32,"column":30},"end":{"line":32,"column":52}}]},"18":{"type":"branch","line":32,"loc":{"start":{"line":32,"column":42},"end":{"line":32,"column":71}},"locations":[{"start":{"line":32,"column":42},"end":{"line":32,"column":71}}]},"19":{"type":"branch","line":39,"loc":{"start":{"line":39,"column":23},"end":{"line":41,"column":4}},"locations":[{"start":{"line":39,"column":23},"end":{"line":41,"column":4}}]},"20":{"type":"branch","line":43,"loc":{"start":{"line":43,"column":25},"end":{"line":52,"column":4}},"locations":[{"start":{"line":43,"column":25},"end":{"line":52,"column":4}}]},"21":{"type":"branch","line":54,"loc":{"start":{"line":54,"column":32},"end":{"line":71,"column":4}},"locations":[{"start":{"line":54,"column":32},"end":{"line":71,"column":4}}]},"22":{"type":"branch","line":56,"loc":{"start":{"line":56,"column":6},"end":{"line":57,"column":37}},"locations":[{"start":{"line":56,"column":6},"end":{"line":57,"column":37}}]},"23":{"type":"branch","line":58,"loc":{"start":{"line":58,"column":6},"end":{"line":58,"column":25}},"locations":[{"start":{"line":58,"column":6},"end":{"line":58,"column":25}}]},"24":{"type":"branch","line":59,"loc":{"start":{"line":59,"column":6},"end":{"line":60,"column":34}},"locations":[{"start":{"line":59,"column":6},"end":{"line":60,"column":34}}]},"25":{"type":"branch","line":61,"loc":{"start":{"line":61,"column":6},"end":{"line":62,"column":37}},"locations":[{"start":{"line":61,"column":6},"end":{"line":62,"column":37}}]},"26":{"type":"branch","line":63,"loc":{"start":{"line":63,"column":6},"end":{"line":63,"column":22}},"locations":[{"start":{"line":63,"column":6},"end":{"line":63,"column":22}}]},"27":{"type":"branch","line":64,"loc":{"start":{"line":64,"column":6},"end":{"line":64,"column":30}},"locations":[{"start":{"line":64,"column":6},"end":{"line":64,"column":30}}]},"28":{"type":"branch","line":65,"loc":{"start":{"line":65,"column":6},"end":{"line":65,"column":31}},"locations":[{"start":{"line":65,"column":6},"end":{"line":65,"column":31}}]},"29":{"type":"branch","line":66,"loc":{"start":{"line":66,"column":6},"end":{"line":67,"column":36}},"locations":[{"start":{"line":66,"column":6},"end":{"line":67,"column":36}}]},"30":{"type":"branch","line":68,"loc":{"start":{"line":68,"column":6},"end":{"line":69,"column":18}},"locations":[{"start":{"line":68,"column":6},"end":{"line":69,"column":18}}]},"31":{"type":"branch","line":125,"loc":{"start":{"line":125,"column":27},"end":{"line":135,"column":23}},"locations":[{"start":{"line":125,"column":27},"end":{"line":135,"column":23}}]}},"b":{"0":[44],"1":[6],"2":[37],"3":[14],"4":[3],"5":[14],"6":[14],"7":[14],"8":[2],"9":[14],"10":[14],"11":[12],"12":[0],"13":[19],"14":[16],"15":[1],"16":[3],"17":[2],"18":[1],"19":[3],"20":[30],"21":[30],"22":[8],"23":[11],"24":[11],"25":[8],"26":[1],"27":[2],"28":[3],"29":[3],"30":[0],"31":[30]},"fnMap":{"0":{"name":"ImcDataComponent","decl":{"start":{"line":14,"column":35},"end":{"line":144,"column":2}},"loc":{"start":{"line":14,"column":35},"end":{"line":144,"column":2}},"line":14},"1":{"name":"obtenerTodosLosDatos","decl":{"start":{"line":20,"column":31},"end":{"line":37,"column":4}},"loc":{"start":{"line":20,"column":31},"end":{"line":37,"column":4}},"line":20},"2":{"name":"ocultarTabla","decl":{"start":{"line":39,"column":23},"end":{"line":41,"column":4}},"loc":{"start":{"line":39,"column":23},"end":{"line":41,"column":4}},"line":39},"3":{"name":"formatearFecha","decl":{"start":{"line":43,"column":25},"end":{"line":52,"column":4}},"loc":{"start":{"line":43,"column":25},"end":{"line":52,"column":4}},"line":43},"4":{"name":"obtenerClaseCategoria","decl":{"start":{"line":54,"column":32},"end":{"line":71,"column":4}},"loc":{"start":{"line":54,"column":32},"end":{"line":71,"column":4}},"line":54}},"f":{"0":44,"1":19,"2":3,"3":30,"4":30}}
,"C:\\Users\\efrai\\OneDrive\\Escritorio\\Escuela\\vm\\Prog Avanzada\\IMC-Project\\2025_proyecto1_front_imc\\src\\components\\imc\\imcForm\\FormValidator.ts": {"path":"C:\\Users\\efrai\\OneDrive\\Escritorio\\Escuela\\vm\\Prog Avanzada\\IMC-Project\\2025_proyecto1_front_imc\\src\\components\\imc\\imcForm\\FormValidator.ts","all":false,"statementMap":{"0":{"start":{"line":1,"column":0},"end":{"line":1,"column":77}},"2":{"start":{"line":3,"column":0},"end":{"line":3,"column":39}},"3":{"start":{"line":4,"column":0},"end":{"line":4,"column":96}},"4":{"start":{"line":5,"column":0},"end":{"line":5,"column":5}},"6":{"start":{"line":7,"column":0},"end":{"line":7,"column":36}},"7":{"start":{"line":8,"column":0},"end":{"line":8,"column":110}},"8":{"start":{"line":9,"column":0},"end":{"line":9,"column":5}},"10":{"start":{"line":11,"column":0},"end":{"line":11,"column":34}},"11":{"start":{"line":12,"column":0},"end":{"line":12,"column":113}},"12":{"start":{"line":13,"column":0},"end":{"line":13,"column":5}},"14":{"start":{"line":15,"column":0},"end":{"line":15,"column":15}},"15":{"start":{"line":16,"column":0},"end":{"line":16,"column":1}}},"s":{"0":1,"2":6,"3":0,"4":0,"6":6,"7":2,"8":2,"10":6,"11":2,"12":2,"14":2,"15":2},"branchMap":{"0":{"type":"branch","line":1,"loc":{"start":{"line":1,"column":7},"end":{"line":16,"column":1}},"locations":[{"start":{"line":1,"column":7},"end":{"line":16,"column":1}}]},"1":{"type":"branch","line":3,"loc":{"start":{"line":3,"column":38},"end":{"line":5,"column":5}},"locations":[{"start":{"line":3,"column":38},"end":{"line":5,"column":5}}]},"2":{"type":"branch","line":7,"loc":{"start":{"line":7,"column":18},"end":{"line":7,"column":35}},"locations":[{"start":{"line":7,"column":18},"end":{"line":7,"column":35}}]},"3":{"type":"branch","line":7,"loc":{"start":{"line":7,"column":35},"end":{"line":9,"column":5}},"locations":[{"start":{"line":7,"column":35},"end":{"line":9,"column":5}}]},"4":{"type":"branch","line":9,"loc":{"start":{"line":9,"column":4},"end":{"line":11,"column":21}},"locations":[{"start":{"line":9,"column":4},"end":{"line":11,"column":21}}]},"5":{"type":"branch","line":11,"loc":{"start":{"line":11,"column":16},"end":{"line":11,"column":33}},"locations":[{"start":{"line":11,"column":16},"end":{"line":11,"column":33}}]},"6":{"type":"branch","line":11,"loc":{"start":{"line":11,"column":33},"end":{"line":16,"column":1}},"locations":[{"start":{"line":11,"column":33},"end":{"line":16,"column":1}}]}},"b":{"0":[6],"1":[0],"2":[5],"3":[2],"4":[4],"5":[3],"6":[2]},"fnMap":{"0":{"name":"FormValidator","decl":{"start":{"line":1,"column":7},"end":{"line":16,"column":1}},"loc":{"start":{"line":1,"column":7},"end":{"line":16,"column":1}},"line":1}},"f":{"0":6}}
,"C:\\Users\\efrai\\OneDrive\\Escritorio\\Escuela\\vm\\Prog Avanzada\\IMC-Project\\2025_proyecto1_front_imc\\src\\components\\imc\\imcForm\\ImcForm.tsx": {"path":"C:\\Users\\efrai\\OneDrive\\Escritorio\\Escuela\\vm\\Prog Avanzada\\IMC-Project\\2025_proyecto1_front_imc\\src\\components\\imc\\imcForm\\ImcForm.tsx","all":false,"statementMap":{"0":{"start":{"line":1,"column":0},"end":{"line":1,"column":40}},"1":{"start":{"line":2,"column":0},"end":{"line":2,"column":22}},"2":{"start":{"line":3,"column":0},"end":{"line":3,"column":48}},"3":{"start":{"line":4,"column":0},"end":{"line":4,"column":57}},"14":{"start":{"line":15,"column":0},"end":{"line":15,"column":20}},"15":{"start":{"line":16,"column":0},"end":{"line":16,"column":43}},"16":{"start":{"line":17,"column":0},"end":{"line":17,"column":39}},"17":{"start":{"line":18,"column":0},"end":{"line":18,"column":69}},"18":{"start":{"line":19,"column":0},"end":{"line":19,"column":41}},"20":{"start":{"line":21,"column":0},"end":{"line":21,"column":54}},"21":{"start":{"line":22,"column":0},"end":{"line":22,"column":23}},"23":{"start":{"line":24,"column":0},"end":{"line":24,"column":41}},"24":{"start":{"line":25,"column":0},"end":{"line":25,"column":41}},"26":{"start":{"line":27,"column":0},"end":{"line":27,"column":61}},"28":{"start":{"line":29,"column":0},"end":{"line":29,"column":26}},"29":{"start":{"line":30,"column":0},"end":{"line":30,"column":32}},"30":{"start":{"line":31,"column":0},"end":{"line":31,"column":25}},"31":{"start":{"line":32,"column":0},"end":{"line":32,"column":13}},"32":{"start":{"line":33,"column":0},"end":{"line":33,"column":6}},"34":{"start":{"line":35,"column":0},"end":{"line":35,"column":9}},"35":{"start":{"line":36,"column":0},"end":{"line":36,"column":58}},"37":{"start":{"line":38,"column":0},"end":{"line":38,"column":50}},"40":{"start":{"line":41,"column":0},"end":{"line":41,"column":20}},"41":{"start":{"line":42,"column":0},"end":{"line":42,"column":25}},"42":{"start":{"line":43,"column":0},"end":{"line":43,"column":26}},"43":{"start":{"line":44,"column":0},"end":{"line":44,"column":22}},"44":{"start":{"line":45,"column":0},"end":{"line":45,"column":77}},"45":{"start":{"line":46,"column":0},"end":{"line":46,"column":34}},"46":{"start":{"line":47,"column":0},"end":{"line":47,"column":48}},"47":{"start":{"line":48,"column":0},"end":{"line":48,"column":9}},"48":{"start":{"line":49,"column":0},"end":{"line":49,"column":19}},"49":{"start":{"line":50,"column":0},"end":{"line":50,"column":24}},"51":{"start":{"line":52,"column":0},"end":{"line":52,"column":44}},"53":{"start":{"line":54,"column":0},"end":{"line":54,"column":15}},"54":{"start":{"line":55,"column":0},"end":{"line":55,"column":61}},"55":{"start":{"line":56,"column":0},"end":{"line":56,"column":8}},"56":{"start":{"line":57,"column":0},"end":{"line":57,"column":25}},"57":{"start":{"line":58,"column":0},"end":{"line":58,"column":5}},"58":{"start":{"line":59,"column":0},"end":{"line":59,"column":4}},"60":{"start":{"line":61,"column":0},"end":{"line":61,"column":10}},"61":{"start":{"line":62,"column":0},"end":{"line":62,"column":39}},"62":{"start":{"line":63,"column":0},"end":{"line":63,"column":11}},"63":{"start":{"line":64,"column":0},"end":{"line":64,"column":62}},"64":{"start":{"line":65,"column":0},"end":{"line":65,"column":38}},"65":{"start":{"line":66,"column":0},"end":{"line":66,"column":15}},"66":{"start":{"line":67,"column":0},"end":{"line":67,"column":68}},"67":{"start":{"line":68,"column":0},"end":{"line":68,"column":42}},"68":{"start":{"line":69,"column":0},"end":{"line":69,"column":27}},"69":{"start":{"line":70,"column":0},"end":{"line":70,"column":28}},"70":{"start":{"line":71,"column":0},"end":{"line":71,"column":57}},"71":{"start":{"line":72,"column":0},"end":{"line":72,"column":14}},"72":{"start":{"line":73,"column":0},"end":{"line":73,"column":16}},"73":{"start":{"line":74,"column":0},"end":{"line":74,"column":15}},"74":{"start":{"line":75,"column":0},"end":{"line":75,"column":67}},"75":{"start":{"line":76,"column":0},"end":{"line":76,"column":42}},"76":{"start":{"line":77,"column":0},"end":{"line":77,"column":27}},"77":{"start":{"line":78,"column":0},"end":{"line":78,"column":26}},"78":{"start":{"line":79,"column":0},"end":{"line":79,"column":55}},"79":{"start":{"line":80,"column":0},"end":{"line":80,"column":14}},"80":{"start":{"line":81,"column":0},"end":{"line":81,"column":16}},"81":{"start":{"line":82,"column":0},"end":{"line":82,"column":78}},"82":{"start":{"line":83,"column":0},"end":{"line":83,"column":15}},"84":{"start":{"line":85,"column":0},"end":{"line":85,"column":23}},"85":{"start":{"line":86,"column":0},"end":{"line":86,"column":44}},"86":{"start":{"line":87,"column":0},"end":{"line":87,"column":62}},"87":{"start":{"line":88,"column":0},"end":{"line":88,"column":70}},"88":{"start":{"line":89,"column":0},"end":{"line":89,"column":66}},"89":{"start":{"line":90,"column":0},"end":{"line":90,"column":123}},"90":{"start":{"line":91,"column":0},"end":{"line":91,"column":76}},"91":{"start":{"line":92,"column":0},"end":{"line":92,"column":40}},"92":{"start":{"line":93,"column":0},"end":{"line":93,"column":80}},"93":{"start":{"line":94,"column":0},"end":{"line":94,"column":20}},"94":{"start":{"line":95,"column":0},"end":{"line":95,"column":16}},"97":{"start":{"line":98,"column":0},"end":{"line":98,"column":19}},"98":{"start":{"line":99,"column":0},"end":{"line":99,"column":15}},"99":{"start":{"line":100,"column":0},"end":{"line":100,"column":26}},"100":{"start":{"line":101,"column":0},"end":{"line":101,"column":16}},"102":{"start":{"line":103,"column":0},"end":{"line":103,"column":12}},"104":{"start":{"line":105,"column":0},"end":{"line":105,"column":10}},"106":{"start":{"line":107,"column":0},"end":{"line":107,"column":1}},"108":{"start":{"line":109,"column":0},"end":{"line":109,"column":23}}},"s":{"0":1,"1":1,"2":1,"3":1,"14":4,"15":4,"16":4,"17":4,"18":4,"20":4,"21":1,"23":1,"24":1,"26":1,"28":1,"29":0,"30":0,"31":0,"32":1,"34":1,"35":1,"37":1,"40":1,"41":1,"42":1,"43":1,"44":1,"45":1,"46":1,"47":1,"48":1,"49":1,"51":0,"53":0,"54":0,"55":0,"56":0,"57":0,"58":1,"60":4,"61":4,"62":4,"63":4,"64":4,"65":4,"66":4,"67":4,"68":4,"69":4,"70":4,"71":4,"72":4,"73":4,"74":4,"75":4,"76":4,"77":4,"78":4,"79":4,"80":4,"81":4,"82":4,"84":4,"85":1,"86":1,"87":1,"88":1,"89":1,"90":1,"91":1,"92":1,"93":1,"94":1,"97":4,"98":0,"99":0,"100":0,"102":4,"104":4,"106":4,"108":1},"branchMap":{"0":{"type":"branch","line":15,"loc":{"start":{"line":15,"column":0},"end":{"line":107,"column":1}},"locations":[{"start":{"line":15,"column":0},"end":{"line":107,"column":1}}]},"1":{"type":"branch","line":85,"loc":{"start":{"line":85,"column":9},"end":{"line":95,"column":16}},"locations":[{"start":{"line":85,"column":9},"end":{"line":95,"column":16}}]},"2":{"type":"branch","line":90,"loc":{"start":{"line":90,"column":110},"end":{"line":90,"column":119}},"locations":[{"start":{"line":90,"column":110},"end":{"line":90,"column":119}}]},"3":{"type":"branch","line":98,"loc":{"start":{"line":98,"column":9},"end":{"line":101,"column":16}},"locations":[{"start":{"line":98,"column":9},"end":{"line":101,"column":16}}]},"4":{"type":"branch","line":21,"loc":{"start":{"line":21,"column":23},"end":{"line":59,"column":4}},"locations":[{"start":{"line":21,"column":23},"end":{"line":59,"column":4}}]},"5":{"type":"branch","line":29,"loc":{"start":{"line":29,"column":25},"end":{"line":33,"column":5}},"locations":[{"start":{"line":29,"column":25},"end":{"line":33,"column":5}}]},"6":{"type":"branch","line":45,"loc":{"start":{"line":45,"column":23},"end":{"line":45,"column":77}},"locations":[{"start":{"line":45,"column":23},"end":{"line":45,"column":77}}]},"7":{"type":"branch","line":50,"loc":{"start":{"line":50,"column":4},"end":{"line":58,"column":5}},"locations":[{"start":{"line":50,"column":4},"end":{"line":58,"column":5}}]},"8":{"type":"branch","line":71,"loc":{"start":{"line":71,"column":24},"end":{"line":71,"column":57}},"locations":[{"start":{"line":71,"column":24},"end":{"line":71,"column":57}}]},"9":{"type":"branch","line":79,"loc":{"start":{"line":79,"column":24},"end":{"line":79,"column":55}},"locations":[{"start":{"line":79,"column":24},"end":{"line":79,"column":55}}]}},"b":{"0":[4],"1":[1],"2":[0],"3":[0],"4":[1],"5":[0],"6":[0],"7":[0],"8":[1],"9":[1]},"fnMap":{"0":{"name":"ImcForm","decl":{"start":{"line":15,"column":0},"end":{"line":107,"column":1}},"loc":{"start":{"line":15,"column":0},"end":{"line":107,"column":1}},"line":15},"1":{"name":"handleSubmit","decl":{"start":{"line":21,"column":23},"end":{"line":59,"column":4}},"loc":{"start":{"line":21,"column":23},"end":{"line":59,"column":4}},"line":21},"2":{"name":"onChange","decl":{"start":{"line":71,"column":24},"end":{"line":71,"column":57}},"loc":{"start":{"line":71,"column":24},"end":{"line":71,"column":57}},"line":71},"3":{"name":"onChange","decl":{"start":{"line":79,"column":24},"end":{"line":79,"column":55}},"loc":{"start":{"line":79,"column":24},"end":{"line":79,"column":55}},"line":79}},"f":{"0":4,"1":1,"2":1,"3":1}}
,"C:\\Users\\efrai\\OneDrive\\Escritorio\\Escuela\\vm\\Prog Avanzada\\IMC-Project\\2025_proyecto1_front_imc\\src\\components\\services\\imcService.ts": {"path":"C:\\Users\\efrai\\OneDrive\\Escritorio\\Escuela\\vm\\Prog Avanzada\\IMC-Project\\2025_proyecto1_front_imc\\src\\components\\services\\imcService.ts","all":false,"statementMap":{"0":{"start":{"line":1,"column":0},"end":{"line":1,"column":26}},"2":{"start":{"line":3,"column":0},"end":{"line":3,"column":69}},"3":{"start":{"line":4,"column":0},"end":{"line":4,"column":9}},"4":{"start":{"line":5,"column":0},"end":{"line":5,"column":90}},"5":{"start":{"line":6,"column":0},"end":{"line":6,"column":19}},"6":{"start":{"line":7,"column":0},"end":{"line":7,"column":17}},"7":{"start":{"line":8,"column":0},"end":{"line":8,"column":11}},"8":{"start":{"line":9,"column":0},"end":{"line":9,"column":29}},"9":{"start":{"line":10,"column":0},"end":{"line":10,"column":21}},"10":{"start":{"line":11,"column":0},"end":{"line":11,"column":58}},"11":{"start":{"line":12,"column":0},"end":{"line":12,"column":92}},"12":{"start":{"line":13,"column":0},"end":{"line":13,"column":6}},"13":{"start":{"line":14,"column":0},"end":{"line":14,"column":2}},"15":{"start":{"line":16,"column":0},"end":{"line":16,"column":44}},"16":{"start":{"line":17,"column":0},"end":{"line":17,"column":9}},"17":{"start":{"line":18,"column":0},"end":{"line":18,"column":89}},"18":{"start":{"line":19,"column":0},"end":{"line":19,"column":29}},"19":{"start":{"line":20,"column":0},"end":{"line":20,"column":21}},"20":{"start":{"line":21,"column":0},"end":{"line":21,"column":70}},"21":{"start":{"line":22,"column":0},"end":{"line":22,"column":104}},"22":{"start":{"line":23,"column":0},"end":{"line":23,"column":5}},"23":{"start":{"line":24,"column":0},"end":{"line":24,"column":2}}},"s":{"0":1,"2":1,"3":1,"4":1,"5":1,"6":1,"7":1,"8":1,"9":1,"10":0,"11":0,"12":1,"13":1,"15":1,"16":0,"17":0,"18":0,"19":0,"20":0,"21":0,"22":0,"23":0},"branchMap":{"0":{"type":"branch","line":3,"loc":{"start":{"line":3,"column":28},"end":{"line":14,"column":2}},"locations":[{"start":{"line":3,"column":28},"end":{"line":14,"column":2}}]},"1":{"type":"branch","line":10,"loc":{"start":{"line":10,"column":4},"end":{"line":13,"column":5}},"locations":[{"start":{"line":10,"column":4},"end":{"line":13,"column":5}}]}},"b":{"0":[1],"1":[0]},"fnMap":{"0":{"name":"calculateImc","decl":{"start":{"line":3,"column":28},"end":{"line":14,"column":2}},"loc":{"start":{"line":3,"column":28},"end":{"line":14,"column":2}},"line":3},"1":{"name":"getImcHistorial","decl":{"start":{"line":16,"column":31},"end":{"line":24,"column":2}},"loc":{"start":{"line":16,"column":31},"end":{"line":24,"column":2}},"line":16}},"f":{"0":1,"1":0}}
}
