{"C:\\Users\\efrai\\OneDrive\\Escritorio\\Escuela\\vm\\Prog Avanzada\\IMC-Project\\2025_proyecto1_front_imc\\src\\App.tsx": {"path":"C:\\Users\\efrai\\OneDrive\\Escritorio\\Escuela\\vm\\Prog Avanzada\\IMC-Project\\2025_proyecto1_front_imc\\src\\App.tsx","all":false,"statementMap":{"0":{"start":{"line":1,"column":0},"end":{"line":1,"column":54}},"1":{"start":{"line":2,"column":0},"end":{"line":2,"column":54}},"2":{"start":{"line":3,"column":0},"end":{"line":3,"column":63}},"4":{"start":{"line":5,"column":0},"end":{"line":5,"column":16}},"6":{"start":{"line":7,"column":0},"end":{"line":7,"column":10}},"7":{"start":{"line":8,"column":0},"end":{"line":8,"column":6}},"8":{"start":{"line":9,"column":0},"end":{"line":9,"column":13}},"9":{"start":{"line":10,"column":0},"end":{"line":10,"column":37}},"10":{"start":{"line":11,"column":0},"end":{"line":11,"column":40}},"11":{"start":{"line":12,"column":0},"end":{"line":12,"column":21}},"12":{"start":{"line":13,"column":0},"end":{"line":13,"column":14}},"13":{"start":{"line":14,"column":0},"end":{"line":14,"column":40}},"14":{"start":{"line":15,"column":0},"end":{"line":15,"column":30}},"15":{"start":{"line":16,"column":0},"end":{"line":16,"column":14}},"16":{"start":{"line":17,"column":0},"end":{"line":17,"column":12}},"17":{"start":{"line":18,"column":0},"end":{"line":18,"column":13}},"18":{"start":{"line":19,"column":0},"end":{"line":19,"column":5}},"20":{"start":{"line":21,"column":0},"end":{"line":21,"column":1}},"22":{"start":{"line":23,"column":0},"end":{"line":23,"column":18}}},"s":{"0":1,"1":1,"2":1,"4":4,"6":4,"7":4,"8":4,"9":4,"10":4,"11":4,"12":4,"13":4,"14":4,"15":4,"16":4,"17":4,"18":4,"20":4,"22":1},"branchMap":{"0":{"type":"branch","line":5,"loc":{"start":{"line":5,"column":0},"end":{"line":21,"column":1}},"locations":[{"start":{"line":5,"column":0},"end":{"line":21,"column":1}}]}},"b":{"0":[4]},"fnMap":{"0":{"name":"App","decl":{"start":{"line":5,"column":0},"end":{"line":21,"column":1}},"loc":{"start":{"line":5,"column":0},"end":{"line":21,"column":1}},"line":5}},"f":{"0":4}}
,"C:\\Users\\efrai\\OneDrive\\Escritorio\\Escuela\\vm\\Prog Avanzada\\IMC-Project\\2025_proyecto1_front_imc\\src\\main.tsx": {"path":"C:\\Users\\efrai\\OneDrive\\Escritorio\\Escuela\\vm\\Prog Avanzada\\IMC-Project\\2025_proyecto1_front_imc\\src\\main.tsx","all":false,"statementMap":{"0":{"start":{"line":1,"column":0},"end":{"line":1,"column":25}},"1":{"start":{"line":2,"column":0},"end":{"line":2,"column":39}},"2":{"start":{"line":3,"column":0},"end":{"line":3,"column":27}},"3":{"start":{"line":4,"column":0},"end":{"line":4,"column":20}},"5":{"start":{"line":6,"column":0},"end":{"line":6,"column":61}},"6":{"start":{"line":7,"column":0},"end":{"line":7,"column":20}},"7":{"start":{"line":8,"column":0},"end":{"line":8,"column":11}},"8":{"start":{"line":9,"column":0},"end":{"line":9,"column":22}},"9":{"start":{"line":10,"column":0},"end":{"line":10,"column":1}}},"s":{"0":1,"1":1,"2":1,"3":1,"5":1,"6":1,"7":1,"8":1,"9":1},"branchMap":{},"b":{},"fnMap":{},"f":{}}
,"C:\\Users\\efrai\\OneDrive\\Escritorio\\Escuela\\vm\\Prog Avanzada\\IMC-Project\\2025_proyecto1_front_imc\\src\\components\\common\\footer\\Footer.tsx": {"path":"C:\\Users\\efrai\\OneDrive\\Escritorio\\Escuela\\vm\\Prog Avanzada\\IMC-Project\\2025_proyecto1_front_imc\\src\\components\\common\\footer\\Footer.tsx","all":false,"statementMap":{"0":{"start":{"line":1,"column":0},"end":{"line":1,"column":19}},"1":{"start":{"line":2,"column":0},"end":{"line":2,"column":10}},"2":{"start":{"line":3,"column":0},"end":{"line":3,"column":64}},"3":{"start":{"line":4,"column":0},"end":{"line":4,"column":109}},"4":{"start":{"line":5,"column":0},"end":{"line":5,"column":13}},"6":{"start":{"line":7,"column":0},"end":{"line":7,"column":1}},"8":{"start":{"line":9,"column":0},"end":{"line":9,"column":22}}},"s":{"0":4,"1":4,"2":4,"3":4,"4":4,"6":4,"8":1},"branchMap":{"0":{"type":"branch","line":1,"loc":{"start":{"line":1,"column":0},"end":{"line":7,"column":1}},"locations":[{"start":{"line":1,"column":0},"end":{"line":7,"column":1}}]}},"b":{"0":[4]},"fnMap":{"0":{"name":"Footer","decl":{"start":{"line":1,"column":0},"end":{"line":7,"column":1}},"loc":{"start":{"line":1,"column":0},"end":{"line":7,"column":1}},"line":1}},"f":{"0":4}}
,"C:\\Users\\efrai\\OneDrive\\Escritorio\\Escuela\\vm\\Prog Avanzada\\IMC-Project\\2025_proyecto1_front_imc\\src\\components\\common\\header\\Header.tsx": {"path":"C:\\Users\\efrai\\OneDrive\\Escritorio\\Escuela\\vm\\Prog Avanzada\\IMC-Project\\2025_proyecto1_front_imc\\src\\components\\common\\header\\Header.tsx","all":false,"statementMap":{"0":{"start":{"line":1,"column":0},"end":{"line":1,"column":22}},"2":{"start":{"line":3,"column":0},"end":{"line":3,"column":19}},"3":{"start":{"line":4,"column":0},"end":{"line":4,"column":10}},"4":{"start":{"line":5,"column":0},"end":{"line":5,"column":35}},"6":{"start":{"line":7,"column":0},"end":{"line":7,"column":42}},"8":{"start":{"line":9,"column":0},"end":{"line":9,"column":38}},"9":{"start":{"line":10,"column":0},"end":{"line":10,"column":37}},"11":{"start":{"line":12,"column":0},"end":{"line":12,"column":39}},"12":{"start":{"line":13,"column":0},"end":{"line":13,"column":71}},"13":{"start":{"line":14,"column":0},"end":{"line":14,"column":284}},"14":{"start":{"line":15,"column":0},"end":{"line":15,"column":18}},"15":{"start":{"line":16,"column":0},"end":{"line":16,"column":16}},"18":{"start":{"line":19,"column":0},"end":{"line":19,"column":39}},"19":{"start":{"line":20,"column":0},"end":{"line":20,"column":61}},"20":{"start":{"line":21,"column":0},"end":{"line":21,"column":56}},"21":{"start":{"line":22,"column":0},"end":{"line":22,"column":16}},"22":{"start":{"line":23,"column":0},"end":{"line":23,"column":14}},"25":{"start":{"line":26,"column":0},"end":{"line":26,"column":43}},"26":{"start":{"line":27,"column":0},"end":{"line":27,"column":57}},"27":{"start":{"line":28,"column":0},"end":{"line":28,"column":57}},"28":{"start":{"line":29,"column":0},"end":{"line":29,"column":57}},"29":{"start":{"line":30,"column":0},"end":{"line":30,"column":14}},"30":{"start":{"line":31,"column":0},"end":{"line":31,"column":12}},"31":{"start":{"line":32,"column":0},"end":{"line":32,"column":13}},"33":{"start":{"line":34,"column":0},"end":{"line":34,"column":1}},"35":{"start":{"line":36,"column":0},"end":{"line":36,"column":22}}},"s":{"0":1,"2":5,"3":5,"4":5,"6":5,"8":5,"9":5,"11":5,"12":5,"13":5,"14":5,"15":5,"18":5,"19":5,"20":5,"21":5,"22":5,"25":5,"26":5,"27":5,"28":5,"29":5,"30":5,"31":5,"33":5,"35":1},"branchMap":{"0":{"type":"branch","line":3,"loc":{"start":{"line":3,"column":0},"end":{"line":34,"column":1}},"locations":[{"start":{"line":3,"column":0},"end":{"line":34,"column":1}}]}},"b":{"0":[5]},"fnMap":{"0":{"name":"Header","decl":{"start":{"line":3,"column":0},"end":{"line":34,"column":1}},"loc":{"start":{"line":3,"column":0},"end":{"line":34,"column":1}},"line":3}},"f":{"0":5}}
,"C:\\Users\\efrai\\OneDrive\\Escritorio\\Escuela\\vm\\Prog Avanzada\\IMC-Project\\2025_proyecto1_front_imc\\src\\components\\common\\layout\\Layout.tsx": {"path":"C:\\Users\\efrai\\OneDrive\\Escritorio\\Escuela\\vm\\Prog Avanzada\\IMC-Project\\2025_proyecto1_front_imc\\src\\components\\common\\layout\\Layout.tsx","all":false,"statementMap":{"0":{"start":{"line":1,"column":0},"end":{"line":1,"column":38}},"1":{"start":{"line":2,"column":0},"end":{"line":2,"column":38}},"2":{"start":{"line":3,"column":0},"end":{"line":3,"column":22}},"4":{"start":{"line":5,"column":0},"end":{"line":5,"column":65}},"5":{"start":{"line":6,"column":0},"end":{"line":6,"column":10}},"6":{"start":{"line":7,"column":0},"end":{"line":7,"column":32}},"8":{"start":{"line":9,"column":0},"end":{"line":9,"column":47}},"11":{"start":{"line":12,"column":0},"end":{"line":12,"column":42}},"12":{"start":{"line":13,"column":0},"end":{"line":13,"column":42}},"13":{"start":{"line":14,"column":0},"end":{"line":14,"column":42}},"16":{"start":{"line":17,"column":0},"end":{"line":17,"column":41}},"19":{"start":{"line":20,"column":0},"end":{"line":20,"column":38}},"20":{"start":{"line":21,"column":0},"end":{"line":21,"column":18}},"21":{"start":{"line":22,"column":0},"end":{"line":22,"column":38}},"22":{"start":{"line":23,"column":0},"end":{"line":23,"column":20}},"23":{"start":{"line":24,"column":0},"end":{"line":24,"column":15}},"24":{"start":{"line":25,"column":0},"end":{"line":25,"column":18}},"25":{"start":{"line":26,"column":0},"end":{"line":26,"column":12}},"26":{"start":{"line":27,"column":0},"end":{"line":27,"column":10}},"28":{"start":{"line":29,"column":0},"end":{"line":29,"column":2}},"30":{"start":{"line":31,"column":0},"end":{"line":31,"column":22}}},"s":{"0":1,"1":1,"2":1,"4":1,"5":5,"6":5,"8":5,"11":5,"12":5,"13":5,"16":5,"19":5,"20":5,"21":5,"22":5,"23":5,"24":5,"25":5,"26":5,"28":5,"30":1},"branchMap":{"0":{"type":"branch","line":5,"loc":{"start":{"line":5,"column":15},"end":{"line":29,"column":2}},"locations":[{"start":{"line":5,"column":15},"end":{"line":29,"column":2}}]}},"b":{"0":[5]},"fnMap":{"0":{"name":"Layout","decl":{"start":{"line":5,"column":15},"end":{"line":29,"column":2}},"loc":{"start":{"line":5,"column":15},"end":{"line":29,"column":2}},"line":5}},"f":{"0":5}}
,"C:\\Users\\efrai\\OneDrive\\Escritorio\\Escuela\\vm\\Prog Avanzada\\IMC-Project\\2025_proyecto1_front_imc\\src\\components\\imc\\imcDashboard\\Dashboard.tsx": {"path":"C:\\Users\\efrai\\OneDrive\\Escritorio\\Escuela\\vm\\Prog Avanzada\\IMC-Project\\2025_proyecto1_front_imc\\src\\components\\imc\\imcDashboard\\Dashboard.tsx","all":false,"statementMap":{"0":{"start":{"line":1,"column":0},"end":{"line":1,"column":41}},"3":{"start":{"line":4,"column":0},"end":{"line":4,"column":35}},"4":{"start":{"line":5,"column":0},"end":{"line":5,"column":10}},"5":{"start":{"line":6,"column":0},"end":{"line":6,"column":93}},"6":{"start":{"line":7,"column":0},"end":{"line":7,"column":13}},"7":{"start":{"line":8,"column":0},"end":{"line":8,"column":89}},"8":{"start":{"line":9,"column":0},"end":{"line":9,"column":23}},"9":{"start":{"line":10,"column":0},"end":{"line":10,"column":20}},"10":{"start":{"line":11,"column":0},"end":{"line":11,"column":21}},"11":{"start":{"line":12,"column":0},"end":{"line":12,"column":25}},"12":{"start":{"line":13,"column":0},"end":{"line":13,"column":34}},"13":{"start":{"line":14,"column":0},"end":{"line":14,"column":55}},"14":{"start":{"line":15,"column":0},"end":{"line":15,"column":8}},"15":{"start":{"line":16,"column":0},"end":{"line":16,"column":10}},"17":{"start":{"line":18,"column":0},"end":{"line":18,"column":2}},"19":{"start":{"line":20,"column":0},"end":{"line":20,"column":25}}},"s":{"0":1,"3":1,"4":2,"5":2,"6":2,"7":2,"8":2,"9":2,"10":2,"11":2,"12":2,"13":2,"14":2,"15":2,"17":2,"19":1},"branchMap":{"0":{"type":"branch","line":4,"loc":{"start":{"line":4,"column":28},"end":{"line":18,"column":2}},"locations":[{"start":{"line":4,"column":28},"end":{"line":18,"column":2}}]}},"b":{"0":[2]},"fnMap":{"0":{"name":"Dashboard","decl":{"start":{"line":4,"column":28},"end":{"line":18,"column":2}},"loc":{"start":{"line":4,"column":28},"end":{"line":18,"column":2}},"line":4}},"f":{"0":2}}
,"C:\\Users\\efrai\\OneDrive\\Escritorio\\Escuela\\vm\\Prog Avanzada\\IMC-Project\\2025_proyecto1_front_imc\\src\\components\\imc\\imcData\\ImcData.tsx": {"path":"C:\\Users\\efrai\\OneDrive\\Escritorio\\Escuela\\vm\\Prog Avanzada\\IMC-Project\\2025_proyecto1_front_imc\\src\\components\\imc\\imcData\\ImcData.tsx","all":false,"statementMap":{"0":{"start":{"line":1,"column":0},"end":{"line":1,"column":40}},"1":{"start":{"line":2,"column":0},"end":{"line":2,"column":23}},"2":{"start":{"line":3,"column":0},"end":{"line":3,"column":60}},"3":{"start":{"line":4,"column":0},"end":{"line":4,"column":50}},"14":{"start":{"line":15,"column":0},"end":{"line":15,"column":42}},"15":{"start":{"line":16,"column":0},"end":{"line":16,"column":52}},"16":{"start":{"line":17,"column":0},"end":{"line":17,"column":57}},"17":{"start":{"line":18,"column":0},"end":{"line":18,"column":49}},"18":{"start":{"line":19,"column":0},"end":{"line":19,"column":67}},"19":{"start":{"line":20,"column":0},"end":{"line":20,"column":91}},"21":{"start":{"line":22,"column":0},"end":{"line":22,"column":44}},"22":{"start":{"line":23,"column":0},"end":{"line":23,"column":21}},"23":{"start":{"line":24,"column":0},"end":{"line":24,"column":17}},"24":{"start":{"line":25,"column":0},"end":{"line":25,"column":68}},"26":{"start":{"line":27,"column":0},"end":{"line":27,"column":9}},"27":{"start":{"line":28,"column":0},"end":{"line":28,"column":43}},"28":{"start":{"line":29,"column":0},"end":{"line":29,"column":27}},"29":{"start":{"line":30,"column":0},"end":{"line":30,"column":28}},"31":{"start":{"line":32,"column":0},"end":{"line":32,"column":19}},"32":{"start":{"line":33,"column":0},"end":{"line":33,"column":73}},"33":{"start":{"line":34,"column":0},"end":{"line":34,"column":52}},"34":{"start":{"line":35,"column":0},"end":{"line":35,"column":15}},"35":{"start":{"line":36,"column":0},"end":{"line":36,"column":24}},"36":{"start":{"line":37,"column":0},"end":{"line":37,"column":5}},"37":{"start":{"line":38,"column":0},"end":{"line":38,"column":4}},"39":{"start":{"line":40,"column":0},"end":{"line":40,"column":30}},"40":{"start":{"line":41,"column":0},"end":{"line":41,"column":27}},"41":{"start":{"line":42,"column":0},"end":{"line":42,"column":4}},"43":{"start":{"line":44,"column":0},"end":{"line":44,"column":37}},"44":{"start":{"line":45,"column":0},"end":{"line":45,"column":30}},"45":{"start":{"line":46,"column":0},"end":{"line":46,"column":60}},"46":{"start":{"line":47,"column":0},"end":{"line":47,"column":36}},"47":{"start":{"line":48,"column":0},"end":{"line":48,"column":4}},"49":{"start":{"line":50,"column":0},"end":{"line":50,"column":34}},"50":{"start":{"line":51,"column":0},"end":{"line":51,"column":31}},"51":{"start":{"line":52,"column":0},"end":{"line":52,"column":4}},"53":{"start":{"line":54,"column":0},"end":{"line":54,"column":45}},"54":{"start":{"line":55,"column":0},"end":{"line":55,"column":52}},"55":{"start":{"line":56,"column":0},"end":{"line":56,"column":22}},"56":{"start":{"line":57,"column":0},"end":{"line":57,"column":23}},"57":{"start":{"line":58,"column":0},"end":{"line":58,"column":21}},"58":{"start":{"line":59,"column":0},"end":{"line":59,"column":22}},"59":{"start":{"line":60,"column":0},"end":{"line":60,"column":24}},"60":{"start":{"line":61,"column":0},"end":{"line":61,"column":23}},"61":{"start":{"line":62,"column":0},"end":{"line":62,"column":7}},"62":{"start":{"line":63,"column":0},"end":{"line":63,"column":4}},"64":{"start":{"line":65,"column":0},"end":{"line":65,"column":56}},"65":{"start":{"line":66,"column":0},"end":{"line":66,"column":38}},"66":{"start":{"line":67,"column":0},"end":{"line":67,"column":23}},"67":{"start":{"line":68,"column":0},"end":{"line":68,"column":37}},"68":{"start":{"line":69,"column":0},"end":{"line":69,"column":25}},"69":{"start":{"line":70,"column":0},"end":{"line":70,"column":20}},"70":{"start":{"line":71,"column":0},"end":{"line":71,"column":34}},"71":{"start":{"line":72,"column":0},"end":{"line":72,"column":23}},"72":{"start":{"line":73,"column":0},"end":{"line":73,"column":37}},"73":{"start":{"line":74,"column":0},"end":{"line":74,"column":22}},"74":{"start":{"line":75,"column":0},"end":{"line":75,"column":30}},"75":{"start":{"line":76,"column":0},"end":{"line":76,"column":31}},"76":{"start":{"line":77,"column":0},"end":{"line":77,"column":32}},"77":{"start":{"line":78,"column":0},"end":{"line":78,"column":36}},"78":{"start":{"line":79,"column":0},"end":{"line":79,"column":14}},"79":{"start":{"line":80,"column":0},"end":{"line":80,"column":18}},"80":{"start":{"line":81,"column":0},"end":{"line":81,"column":5}},"81":{"start":{"line":82,"column":0},"end":{"line":82,"column":4}},"83":{"start":{"line":84,"column":0},"end":{"line":84,"column":10}},"84":{"start":{"line":85,"column":0},"end":{"line":85,"column":40}},"85":{"start":{"line":86,"column":0},"end":{"line":86,"column":41}},"86":{"start":{"line":87,"column":0},"end":{"line":87,"column":16}},"87":{"start":{"line":88,"column":0},"end":{"line":88,"column":39}},"88":{"start":{"line":89,"column":0},"end":{"line":89,"column":41}},"89":{"start":{"line":90,"column":0},"end":{"line":90,"column":28}},"91":{"start":{"line":92,"column":0},"end":{"line":92,"column":64}},"92":{"start":{"line":93,"column":0},"end":{"line":93,"column":17}},"94":{"start":{"line":95,"column":0},"end":{"line":95,"column":16}},"95":{"start":{"line":96,"column":0},"end":{"line":96,"column":38}},"96":{"start":{"line":97,"column":0},"end":{"line":97,"column":39}},"97":{"start":{"line":98,"column":0},"end":{"line":98,"column":9}},"99":{"start":{"line":100,"column":0},"end":{"line":100,"column":17}},"101":{"start":{"line":102,"column":0},"end":{"line":102,"column":26}},"102":{"start":{"line":103,"column":0},"end":{"line":103,"column":18}},"103":{"start":{"line":104,"column":0},"end":{"line":104,"column":35}},"104":{"start":{"line":105,"column":0},"end":{"line":105,"column":34}},"105":{"start":{"line":106,"column":0},"end":{"line":106,"column":11}},"107":{"start":{"line":108,"column":0},"end":{"line":108,"column":19}},"110":{"start":{"line":111,"column":0},"end":{"line":111,"column":30}},"111":{"start":{"line":112,"column":0},"end":{"line":112,"column":18}},"112":{"start":{"line":113,"column":0},"end":{"line":113,"column":35}},"113":{"start":{"line":114,"column":0},"end":{"line":114,"column":38}},"114":{"start":{"line":115,"column":0},"end":{"line":115,"column":11}},"116":{"start":{"line":117,"column":0},"end":{"line":117,"column":19}},"118":{"start":{"line":119,"column":0},"end":{"line":119,"column":12}},"120":{"start":{"line":121,"column":0},"end":{"line":121,"column":17}},"121":{"start":{"line":122,"column":0},"end":{"line":122,"column":39}},"122":{"start":{"line":123,"column":0},"end":{"line":123,"column":53}},"123":{"start":{"line":124,"column":0},"end":{"line":124,"column":14}},"126":{"start":{"line":127,"column":0},"end":{"line":127,"column":67}},"127":{"start":{"line":128,"column":0},"end":{"line":128,"column":41}},"128":{"start":{"line":129,"column":0},"end":{"line":129,"column":62}},"129":{"start":{"line":130,"column":0},"end":{"line":130,"column":14}},"132":{"start":{"line":133,"column":0},"end":{"line":133,"column":53}},"133":{"start":{"line":134,"column":0},"end":{"line":134,"column":41}},"134":{"start":{"line":135,"column":0},"end":{"line":135,"column":39}},"135":{"start":{"line":136,"column":0},"end":{"line":136,"column":73}},"136":{"start":{"line":137,"column":0},"end":{"line":137,"column":15}},"138":{"start":{"line":139,"column":0},"end":{"line":139,"column":41}},"139":{"start":{"line":140,"column":0},"end":{"line":140,"column":41}},"140":{"start":{"line":141,"column":0},"end":{"line":141,"column":21}},"141":{"start":{"line":142,"column":0},"end":{"line":142,"column":20}},"142":{"start":{"line":143,"column":0},"end":{"line":143,"column":29}},"143":{"start":{"line":144,"column":0},"end":{"line":144,"column":37}},"144":{"start":{"line":145,"column":0},"end":{"line":145,"column":36}},"145":{"start":{"line":146,"column":0},"end":{"line":146,"column":30}},"146":{"start":{"line":147,"column":0},"end":{"line":147,"column":36}},"147":{"start":{"line":148,"column":0},"end":{"line":148,"column":39}},"148":{"start":{"line":149,"column":0},"end":{"line":149,"column":21}},"149":{"start":{"line":150,"column":0},"end":{"line":150,"column":22}},"150":{"start":{"line":151,"column":0},"end":{"line":151,"column":21}},"151":{"start":{"line":152,"column":0},"end":{"line":152,"column":38}},"152":{"start":{"line":153,"column":0},"end":{"line":153,"column":36}},"153":{"start":{"line":154,"column":0},"end":{"line":154,"column":38}},"154":{"start":{"line":155,"column":0},"end":{"line":155,"column":42}},"155":{"start":{"line":156,"column":0},"end":{"line":156,"column":40}},"156":{"start":{"line":157,"column":0},"end":{"line":157,"column":66}},"157":{"start":{"line":158,"column":0},"end":{"line":158,"column":89}},"158":{"start":{"line":159,"column":0},"end":{"line":159,"column":38}},"159":{"start":{"line":160,"column":0},"end":{"line":160,"column":25}},"160":{"start":{"line":161,"column":0},"end":{"line":161,"column":79}},"161":{"start":{"line":162,"column":0},"end":{"line":162,"column":23}},"162":{"start":{"line":163,"column":0},"end":{"line":163,"column":19}},"163":{"start":{"line":164,"column":0},"end":{"line":164,"column":22}},"164":{"start":{"line":165,"column":0},"end":{"line":165,"column":20}},"165":{"start":{"line":166,"column":0},"end":{"line":166,"column":16}},"166":{"start":{"line":167,"column":0},"end":{"line":167,"column":14}},"169":{"start":{"line":170,"column":0},"end":{"line":170,"column":28}},"170":{"start":{"line":171,"column":0},"end":{"line":171,"column":45}},"171":{"start":{"line":172,"column":0},"end":{"line":172,"column":43}},"173":{"start":{"line":174,"column":0},"end":{"line":174,"column":15}},"174":{"start":{"line":175,"column":0},"end":{"line":175,"column":23}},"175":{"start":{"line":176,"column":0},"end":{"line":176,"column":14}},"177":{"start":{"line":178,"column":0},"end":{"line":178,"column":10}},"179":{"start":{"line":180,"column":0},"end":{"line":180,"column":2}},"181":{"start":{"line":182,"column":0},"end":{"line":182,"column":32}}},"s":{"0":1,"1":1,"2":1,"3":1,"14":1,"15":44,"16":44,"17":44,"18":44,"19":44,"21":44,"22":19,"23":19,"24":19,"26":19,"27":19,"28":19,"29":19,"31":19,"32":3,"33":3,"34":19,"35":19,"36":19,"37":19,"39":44,"40":3,"41":3,"43":44,"44":0,"45":0,"46":0,"47":0,"49":44,"50":0,"51":0,"53":44,"54":30,"55":30,"56":30,"57":30,"58":30,"59":30,"60":30,"61":30,"62":30,"64":44,"65":30,"66":30,"67":8,"68":30,"69":30,"70":11,"71":30,"72":8,"73":30,"74":30,"75":30,"76":30,"77":3,"78":30,"79":0,"80":30,"81":30,"83":44,"84":44,"85":44,"86":44,"87":44,"88":44,"89":44,"91":44,"92":44,"94":44,"95":44,"96":44,"97":44,"99":44,"101":44,"102":14,"103":14,"104":14,"105":14,"107":14,"110":44,"111":0,"112":0,"113":0,"114":0,"116":0,"118":44,"120":44,"121":3,"122":3,"123":3,"126":44,"127":2,"128":2,"129":2,"132":44,"133":12,"134":12,"135":12,"136":12,"138":12,"139":12,"140":12,"141":12,"142":12,"143":12,"144":12,"145":12,"146":12,"147":12,"148":12,"149":12,"150":12,"151":12,"152":30,"153":30,"154":30,"155":30,"156":30,"157":30,"158":30,"159":30,"160":30,"161":30,"162":12,"163":12,"164":12,"165":12,"166":12,"169":44,"170":0,"171":0,"173":0,"174":0,"175":0,"177":44,"179":44,"181":1},"branchMap":{"0":{"type":"branch","line":15,"loc":{"start":{"line":15,"column":35},"end":{"line":180,"column":2}},"locations":[{"start":{"line":15,"column":35},"end":{"line":180,"column":2}}]},"1":{"type":"branch","line":92,"loc":{"start":{"line":92,"column":11},"end":{"line":92,"column":37}},"locations":[{"start":{"line":92,"column":11},"end":{"line":92,"column":37}}]},"2":{"type":"branch","line":92,"loc":{"start":{"line":92,"column":21},"end":{"line":92,"column":64}},"locations":[{"start":{"line":92,"column":21},"end":{"line":92,"column":64}}]},"3":{"type":"branch","line":102,"loc":{"start":{"line":102,"column":9},"end":{"line":108,"column":19}},"locations":[{"start":{"line":102,"column":9},"end":{"line":108,"column":19}}]},"4":{"type":"branch","line":111,"loc":{"start":{"line":111,"column":9},"end":{"line":117,"column":19}},"locations":[{"start":{"line":111,"column":9},"end":{"line":117,"column":19}}]},"5":{"type":"branch","line":121,"loc":{"start":{"line":121,"column":7},"end":{"line":124,"column":14}},"locations":[{"start":{"line":121,"column":7},"end":{"line":124,"column":14}}]},"6":{"type":"branch","line":127,"loc":{"start":{"line":127,"column":7},"end":{"line":127,"column":35}},"locations":[{"start":{"line":127,"column":7},"end":{"line":127,"column":35}}]},"7":{"type":"branch","line":127,"loc":{"start":{"line":127,"column":24},"end":{"line":127,"column":44}},"locations":[{"start":{"line":127,"column":24},"end":{"line":127,"column":44}}]},"8":{"type":"branch","line":127,"loc":{"start":{"line":127,"column":35},"end":{"line":127,"column":67}},"locations":[{"start":{"line":127,"column":35},"end":{"line":127,"column":67}}]},"9":{"type":"branch","line":127,"loc":{"start":{"line":127,"column":61},"end":{"line":130,"column":14}},"locations":[{"start":{"line":127,"column":61},"end":{"line":130,"column":14}}]},"10":{"type":"branch","line":133,"loc":{"start":{"line":133,"column":7},"end":{"line":133,"column":32}},"locations":[{"start":{"line":133,"column":7},"end":{"line":133,"column":32}}]},"11":{"type":"branch","line":133,"loc":{"start":{"line":133,"column":23},"end":{"line":133,"column":53}},"locations":[{"start":{"line":133,"column":23},"end":{"line":133,"column":53}}]},"12":{"type":"branch","line":133,"loc":{"start":{"line":133,"column":47},"end":{"line":167,"column":14}},"locations":[{"start":{"line":133,"column":47},"end":{"line":167,"column":14}}]},"13":{"type":"branch","line":136,"loc":{"start":{"line":136,"column":50},"end":{"line":136,"column":62}},"locations":[{"start":{"line":136,"column":50},"end":{"line":136,"column":62}}]},"14":{"type":"branch","line":170,"loc":{"start":{"line":170,"column":7},"end":{"line":176,"column":14}},"locations":[{"start":{"line":170,"column":7},"end":{"line":176,"column":14}}]},"15":{"type":"branch","line":22,"loc":{"start":{"line":22,"column":31},"end":{"line":38,"column":4}},"locations":[{"start":{"line":22,"column":31},"end":{"line":38,"column":4}}]},"16":{"type":"branch","line":28,"loc":{"start":{"line":28,"column":41},"end":{"line":29,"column":23}},"locations":[{"start":{"line":28,"column":41},"end":{"line":29,"column":23}}]},"17":{"type":"branch","line":29,"loc":{"start":{"line":29,"column":15},"end":{"line":29,"column":25}},"locations":[{"start":{"line":29,"column":15},"end":{"line":29,"column":25}}]},"18":{"type":"branch","line":32,"loc":{"start":{"line":32,"column":4},"end":{"line":35,"column":6}},"locations":[{"start":{"line":32,"column":4},"end":{"line":35,"column":6}}]},"19":{"type":"branch","line":33,"loc":{"start":{"line":33,"column":30},"end":{"line":33,"column":52}},"locations":[{"start":{"line":33,"column":30},"end":{"line":33,"column":52}}]},"20":{"type":"branch","line":33,"loc":{"start":{"line":33,"column":42},"end":{"line":33,"column":71}},"locations":[{"start":{"line":33,"column":42},"end":{"line":33,"column":71}}]},"21":{"type":"branch","line":40,"loc":{"start":{"line":40,"column":23},"end":{"line":42,"column":4}},"locations":[{"start":{"line":40,"column":23},"end":{"line":42,"column":4}}]},"22":{"type":"branch","line":54,"loc":{"start":{"line":54,"column":25},"end":{"line":63,"column":4}},"locations":[{"start":{"line":54,"column":25},"end":{"line":63,"column":4}}]},"23":{"type":"branch","line":65,"loc":{"start":{"line":65,"column":32},"end":{"line":82,"column":4}},"locations":[{"start":{"line":65,"column":32},"end":{"line":82,"column":4}}]},"24":{"type":"branch","line":67,"loc":{"start":{"line":67,"column":6},"end":{"line":68,"column":37}},"locations":[{"start":{"line":67,"column":6},"end":{"line":68,"column":37}}]},"25":{"type":"branch","line":69,"loc":{"start":{"line":69,"column":6},"end":{"line":69,"column":25}},"locations":[{"start":{"line":69,"column":6},"end":{"line":69,"column":25}}]},"26":{"type":"branch","line":70,"loc":{"start":{"line":70,"column":6},"end":{"line":71,"column":34}},"locations":[{"start":{"line":70,"column":6},"end":{"line":71,"column":34}}]},"27":{"type":"branch","line":72,"loc":{"start":{"line":72,"column":6},"end":{"line":73,"column":37}},"locations":[{"start":{"line":72,"column":6},"end":{"line":73,"column":37}}]},"28":{"type":"branch","line":74,"loc":{"start":{"line":74,"column":6},"end":{"line":74,"column":22}},"locations":[{"start":{"line":74,"column":6},"end":{"line":74,"column":22}}]},"29":{"type":"branch","line":75,"loc":{"start":{"line":75,"column":6},"end":{"line":75,"column":30}},"locations":[{"start":{"line":75,"column":6},"end":{"line":75,"column":30}}]},"30":{"type":"branch","line":76,"loc":{"start":{"line":76,"column":6},"end":{"line":76,"column":31}},"locations":[{"start":{"line":76,"column":6},"end":{"line":76,"column":31}}]},"31":{"type":"branch","line":77,"loc":{"start":{"line":77,"column":6},"end":{"line":78,"column":36}},"locations":[{"start":{"line":77,"column":6},"end":{"line":78,"column":36}}]},"32":{"type":"branch","line":79,"loc":{"start":{"line":79,"column":6},"end":{"line":80,"column":18}},"locations":[{"start":{"line":79,"column":6},"end":{"line":80,"column":18}}]},"33":{"type":"branch","line":152,"loc":{"start":{"line":152,"column":27},"end":{"line":162,"column":23}},"locations":[{"start":{"line":152,"column":27},"end":{"line":162,"column":23}}]}},"b":{"0":[44],"1":[6],"2":[37],"3":[14],"4":[0],"5":[3],"6":[14],"7":[14],"8":[14],"9":[2],"10":[14],"11":[14],"12":[12],"13":[0],"14":[0],"15":[19],"16":[16],"17":[1],"18":[3],"19":[2],"20":[1],"21":[3],"22":[30],"23":[30],"24":[8],"25":[11],"26":[11],"27":[8],"28":[1],"29":[2],"30":[3],"31":[3],"32":[0],"33":[30]},"fnMap":{"0":{"name":"ImcDataComponent","decl":{"start":{"line":15,"column":35},"end":{"line":180,"column":2}},"loc":{"start":{"line":15,"column":35},"end":{"line":180,"column":2}},"line":15},"1":{"name":"obtenerTodosLosDatos","decl":{"start":{"line":22,"column":31},"end":{"line":38,"column":4}},"loc":{"start":{"line":22,"column":31},"end":{"line":38,"column":4}},"line":22},"2":{"name":"ocultarTabla","decl":{"start":{"line":40,"column":23},"end":{"line":42,"column":4}},"loc":{"start":{"line":40,"column":23},"end":{"line":42,"column":4}},"line":40},"3":{"name":"mostrarEstadisticas","decl":{"start":{"line":44,"column":30},"end":{"line":48,"column":4}},"loc":{"start":{"line":44,"column":30},"end":{"line":48,"column":4}},"line":44},"4":{"name":"ocultarDashboard","decl":{"start":{"line":50,"column":27},"end":{"line":52,"column":4}},"loc":{"start":{"line":50,"column":27},"end":{"line":52,"column":4}},"line":50},"5":{"name":"formatearFecha","decl":{"start":{"line":54,"column":25},"end":{"line":63,"column":4}},"loc":{"start":{"line":54,"column":25},"end":{"line":63,"column":4}},"line":54},"6":{"name":"obtenerClaseCategoria","decl":{"start":{"line":65,"column":32},"end":{"line":82,"column":4}},"loc":{"start":{"line":65,"column":32},"end":{"line":82,"column":4}},"line":65}},"f":{"0":44,"1":19,"2":3,"3":0,"4":0,"5":30,"6":30}}
,"C:\\Users\\efrai\\OneDrive\\Escritorio\\Escuela\\vm\\Prog Avanzada\\IMC-Project\\2025_proyecto1_front_imc\\src\\components\\imc\\imcForm\\FormValidator.ts": {"path":"C:\\Users\\efrai\\OneDrive\\Escritorio\\Escuela\\vm\\Prog Avanzada\\IMC-Project\\2025_proyecto1_front_imc\\src\\components\\imc\\imcForm\\FormValidator.ts","all":false,"statementMap":{"0":{"start":{"line":1,"column":0},"end":{"line":1,"column":77}},"2":{"start":{"line":3,"column":0},"end":{"line":3,"column":39}},"3":{"start":{"line":4,"column":0},"end":{"line":4,"column":96}},"4":{"start":{"line":5,"column":0},"end":{"line":5,"column":5}},"6":{"start":{"line":7,"column":0},"end":{"line":7,"column":36}},"7":{"start":{"line":8,"column":0},"end":{"line":8,"column":110}},"8":{"start":{"line":9,"column":0},"end":{"line":9,"column":5}},"10":{"start":{"line":11,"column":0},"end":{"line":11,"column":34}},"11":{"start":{"line":12,"column":0},"end":{"line":12,"column":113}},"12":{"start":{"line":13,"column":0},"end":{"line":13,"column":5}},"14":{"start":{"line":15,"column":0},"end":{"line":15,"column":15}},"15":{"start":{"line":16,"column":0},"end":{"line":16,"column":1}}},"s":{"0":1,"2":6,"3":0,"4":0,"6":6,"7":2,"8":2,"10":6,"11":2,"12":2,"14":2,"15":2},"branchMap":{"0":{"type":"branch","line":1,"loc":{"start":{"line":1,"column":7},"end":{"line":16,"column":1}},"locations":[{"start":{"line":1,"column":7},"end":{"line":16,"column":1}}]},"1":{"type":"branch","line":3,"loc":{"start":{"line":3,"column":38},"end":{"line":5,"column":5}},"locations":[{"start":{"line":3,"column":38},"end":{"line":5,"column":5}}]},"2":{"type":"branch","line":7,"loc":{"start":{"line":7,"column":18},"end":{"line":7,"column":35}},"locations":[{"start":{"line":7,"column":18},"end":{"line":7,"column":35}}]},"3":{"type":"branch","line":7,"loc":{"start":{"line":7,"column":35},"end":{"line":9,"column":5}},"locations":[{"start":{"line":7,"column":35},"end":{"line":9,"column":5}}]},"4":{"type":"branch","line":9,"loc":{"start":{"line":9,"column":4},"end":{"line":11,"column":21}},"locations":[{"start":{"line":9,"column":4},"end":{"line":11,"column":21}}]},"5":{"type":"branch","line":11,"loc":{"start":{"line":11,"column":16},"end":{"line":11,"column":33}},"locations":[{"start":{"line":11,"column":16},"end":{"line":11,"column":33}}]},"6":{"type":"branch","line":11,"loc":{"start":{"line":11,"column":33},"end":{"line":16,"column":1}},"locations":[{"start":{"line":11,"column":33},"end":{"line":16,"column":1}}]}},"b":{"0":[6],"1":[0],"2":[5],"3":[2],"4":[4],"5":[3],"6":[2]},"fnMap":{"0":{"name":"FormValidator","decl":{"start":{"line":1,"column":7},"end":{"line":16,"column":1}},"loc":{"start":{"line":1,"column":7},"end":{"line":16,"column":1}},"line":1}},"f":{"0":6}}
,"C:\\Users\\efrai\\OneDrive\\Escritorio\\Escuela\\vm\\Prog Avanzada\\IMC-Project\\2025_proyecto1_front_imc\\src\\components\\imc\\imcForm\\ImcForm.tsx": {"path":"C:\\Users\\efrai\\OneDrive\\Escritorio\\Escuela\\vm\\Prog Avanzada\\IMC-Project\\2025_proyecto1_front_imc\\src\\components\\imc\\imcForm\\ImcForm.tsx","all":false,"statementMap":{"0":{"start":{"line":1,"column":0},"end":{"line":1,"column":40}},"1":{"start":{"line":2,"column":0},"end":{"line":2,"column":22}},"2":{"start":{"line":3,"column":0},"end":{"line":3,"column":48}},"3":{"start":{"line":4,"column":0},"end":{"line":4,"column":57}},"11":{"start":{"line":12,"column":0},"end":{"line":12,"column":20}},"12":{"start":{"line":13,"column":0},"end":{"line":13,"column":43}},"13":{"start":{"line":14,"column":0},"end":{"line":14,"column":39}},"14":{"start":{"line":15,"column":0},"end":{"line":15,"column":69}},"15":{"start":{"line":16,"column":0},"end":{"line":16,"column":41}},"17":{"start":{"line":18,"column":0},"end":{"line":18,"column":54}},"18":{"start":{"line":19,"column":0},"end":{"line":19,"column":23}},"20":{"start":{"line":21,"column":0},"end":{"line":21,"column":41}},"21":{"start":{"line":22,"column":0},"end":{"line":22,"column":41}},"23":{"start":{"line":24,"column":0},"end":{"line":24,"column":61}},"25":{"start":{"line":26,"column":0},"end":{"line":26,"column":26}},"26":{"start":{"line":27,"column":0},"end":{"line":27,"column":32}},"27":{"start":{"line":28,"column":0},"end":{"line":28,"column":25}},"28":{"start":{"line":29,"column":0},"end":{"line":29,"column":13}},"29":{"start":{"line":30,"column":0},"end":{"line":30,"column":6}},"31":{"start":{"line":32,"column":0},"end":{"line":32,"column":9}},"32":{"start":{"line":33,"column":0},"end":{"line":33,"column":58}},"34":{"start":{"line":35,"column":0},"end":{"line":35,"column":50}},"37":{"start":{"line":38,"column":0},"end":{"line":38,"column":20}},"38":{"start":{"line":39,"column":0},"end":{"line":39,"column":44}},"39":{"start":{"line":40,"column":0},"end":{"line":40,"column":34}},"40":{"start":{"line":41,"column":0},"end":{"line":41,"column":48}},"41":{"start":{"line":42,"column":0},"end":{"line":42,"column":9}},"42":{"start":{"line":43,"column":0},"end":{"line":43,"column":19}},"43":{"start":{"line":44,"column":0},"end":{"line":44,"column":24}},"45":{"start":{"line":46,"column":0},"end":{"line":46,"column":44}},"47":{"start":{"line":48,"column":0},"end":{"line":48,"column":15}},"48":{"start":{"line":49,"column":0},"end":{"line":49,"column":61}},"49":{"start":{"line":50,"column":0},"end":{"line":50,"column":8}},"50":{"start":{"line":51,"column":0},"end":{"line":51,"column":25}},"51":{"start":{"line":52,"column":0},"end":{"line":52,"column":5}},"52":{"start":{"line":53,"column":0},"end":{"line":53,"column":4}},"54":{"start":{"line":55,"column":0},"end":{"line":55,"column":10}},"55":{"start":{"line":56,"column":0},"end":{"line":56,"column":39}},"56":{"start":{"line":57,"column":0},"end":{"line":57,"column":11}},"57":{"start":{"line":58,"column":0},"end":{"line":58,"column":62}},"58":{"start":{"line":59,"column":0},"end":{"line":59,"column":38}},"59":{"start":{"line":60,"column":0},"end":{"line":60,"column":15}},"60":{"start":{"line":61,"column":0},"end":{"line":61,"column":68}},"61":{"start":{"line":62,"column":0},"end":{"line":62,"column":42}},"62":{"start":{"line":63,"column":0},"end":{"line":63,"column":27}},"63":{"start":{"line":64,"column":0},"end":{"line":64,"column":28}},"64":{"start":{"line":65,"column":0},"end":{"line":65,"column":57}},"65":{"start":{"line":66,"column":0},"end":{"line":66,"column":14}},"66":{"start":{"line":67,"column":0},"end":{"line":67,"column":16}},"67":{"start":{"line":68,"column":0},"end":{"line":68,"column":15}},"68":{"start":{"line":69,"column":0},"end":{"line":69,"column":67}},"69":{"start":{"line":70,"column":0},"end":{"line":70,"column":42}},"70":{"start":{"line":71,"column":0},"end":{"line":71,"column":27}},"71":{"start":{"line":72,"column":0},"end":{"line":72,"column":26}},"72":{"start":{"line":73,"column":0},"end":{"line":73,"column":55}},"73":{"start":{"line":74,"column":0},"end":{"line":74,"column":14}},"74":{"start":{"line":75,"column":0},"end":{"line":75,"column":16}},"75":{"start":{"line":76,"column":0},"end":{"line":76,"column":78}},"76":{"start":{"line":77,"column":0},"end":{"line":77,"column":15}},"78":{"start":{"line":79,"column":0},"end":{"line":79,"column":23}},"79":{"start":{"line":80,"column":0},"end":{"line":80,"column":44}},"80":{"start":{"line":81,"column":0},"end":{"line":81,"column":123}},"81":{"start":{"line":82,"column":0},"end":{"line":82,"column":76}},"82":{"start":{"line":83,"column":0},"end":{"line":83,"column":40}},"83":{"start":{"line":84,"column":0},"end":{"line":84,"column":80}},"84":{"start":{"line":85,"column":0},"end":{"line":85,"column":20}},"85":{"start":{"line":86,"column":0},"end":{"line":86,"column":16}},"88":{"start":{"line":89,"column":0},"end":{"line":89,"column":19}},"89":{"start":{"line":90,"column":0},"end":{"line":90,"column":15}},"90":{"start":{"line":91,"column":0},"end":{"line":91,"column":26}},"91":{"start":{"line":92,"column":0},"end":{"line":92,"column":16}},"93":{"start":{"line":94,"column":0},"end":{"line":94,"column":12}},"95":{"start":{"line":96,"column":0},"end":{"line":96,"column":10}},"97":{"start":{"line":98,"column":0},"end":{"line":98,"column":1}},"99":{"start":{"line":100,"column":0},"end":{"line":100,"column":23}}},"s":{"0":1,"1":1,"2":1,"3":1,"11":4,"12":4,"13":4,"14":4,"15":4,"17":4,"18":1,"20":1,"21":1,"23":1,"25":1,"26":0,"27":0,"28":0,"29":1,"31":1,"32":1,"34":1,"37":1,"38":1,"39":1,"40":1,"41":1,"42":1,"43":1,"45":0,"47":0,"48":0,"49":0,"50":0,"51":0,"52":1,"54":4,"55":4,"56":4,"57":4,"58":4,"59":4,"60":4,"61":4,"62":4,"63":4,"64":4,"65":4,"66":4,"67":4,"68":4,"69":4,"70":4,"71":4,"72":4,"73":4,"74":4,"75":4,"76":4,"78":4,"79":1,"80":1,"81":1,"82":1,"83":1,"84":1,"85":1,"88":4,"89":0,"90":0,"91":0,"93":4,"95":4,"97":4,"99":1},"branchMap":{"0":{"type":"branch","line":12,"loc":{"start":{"line":12,"column":0},"end":{"line":98,"column":1}},"locations":[{"start":{"line":12,"column":0},"end":{"line":98,"column":1}}]},"1":{"type":"branch","line":79,"loc":{"start":{"line":79,"column":9},"end":{"line":86,"column":16}},"locations":[{"start":{"line":79,"column":9},"end":{"line":86,"column":16}}]},"2":{"type":"branch","line":81,"loc":{"start":{"line":81,"column":110},"end":{"line":81,"column":119}},"locations":[{"start":{"line":81,"column":110},"end":{"line":81,"column":119}}]},"3":{"type":"branch","line":89,"loc":{"start":{"line":89,"column":9},"end":{"line":92,"column":16}},"locations":[{"start":{"line":89,"column":9},"end":{"line":92,"column":16}}]},"4":{"type":"branch","line":18,"loc":{"start":{"line":18,"column":23},"end":{"line":53,"column":4}},"locations":[{"start":{"line":18,"column":23},"end":{"line":53,"column":4}}]},"5":{"type":"branch","line":26,"loc":{"start":{"line":26,"column":25},"end":{"line":30,"column":5}},"locations":[{"start":{"line":26,"column":25},"end":{"line":30,"column":5}}]},"6":{"type":"branch","line":39,"loc":{"start":{"line":39,"column":23},"end":{"line":39,"column":44}},"locations":[{"start":{"line":39,"column":23},"end":{"line":39,"column":44}}]},"7":{"type":"branch","line":44,"loc":{"start":{"line":44,"column":4},"end":{"line":52,"column":5}},"locations":[{"start":{"line":44,"column":4},"end":{"line":52,"column":5}}]},"8":{"type":"branch","line":65,"loc":{"start":{"line":65,"column":24},"end":{"line":65,"column":57}},"locations":[{"start":{"line":65,"column":24},"end":{"line":65,"column":57}}]},"9":{"type":"branch","line":73,"loc":{"start":{"line":73,"column":24},"end":{"line":73,"column":55}},"locations":[{"start":{"line":73,"column":24},"end":{"line":73,"column":55}}]}},"b":{"0":[4],"1":[1],"2":[0],"3":[0],"4":[1],"5":[0],"6":[0],"7":[0],"8":[1],"9":[1]},"fnMap":{"0":{"name":"ImcForm","decl":{"start":{"line":12,"column":0},"end":{"line":98,"column":1}},"loc":{"start":{"line":12,"column":0},"end":{"line":98,"column":1}},"line":12},"1":{"name":"handleSubmit","decl":{"start":{"line":18,"column":23},"end":{"line":53,"column":4}},"loc":{"start":{"line":18,"column":23},"end":{"line":53,"column":4}},"line":18},"2":{"name":"onChange","decl":{"start":{"line":65,"column":24},"end":{"line":65,"column":57}},"loc":{"start":{"line":65,"column":24},"end":{"line":65,"column":57}},"line":65},"3":{"name":"onChange","decl":{"start":{"line":73,"column":24},"end":{"line":73,"column":55}},"loc":{"start":{"line":73,"column":24},"end":{"line":73,"column":55}},"line":73}},"f":{"0":4,"1":1,"2":1,"3":1}}
,"C:\\Users\\efrai\\OneDrive\\Escritorio\\Escuela\\vm\\Prog Avanzada\\IMC-Project\\2025_proyecto1_front_imc\\src\\components\\services\\imcService.ts": {"path":"C:\\Users\\efrai\\OneDrive\\Escritorio\\Escuela\\vm\\Prog Avanzada\\IMC-Project\\2025_proyecto1_front_imc\\src\\components\\services\\imcService.ts","all":false,"statementMap":{"0":{"start":{"line":1,"column":0},"end":{"line":1,"column":26}},"2":{"start":{"line":3,"column":0},"end":{"line":3,"column":69}},"3":{"start":{"line":4,"column":0},"end":{"line":4,"column":9}},"4":{"start":{"line":5,"column":0},"end":{"line":5,"column":90}},"5":{"start":{"line":6,"column":0},"end":{"line":6,"column":19}},"6":{"start":{"line":7,"column":0},"end":{"line":7,"column":17}},"7":{"start":{"line":8,"column":0},"end":{"line":8,"column":11}},"8":{"start":{"line":9,"column":0},"end":{"line":9,"column":29}},"9":{"start":{"line":10,"column":0},"end":{"line":10,"column":21}},"10":{"start":{"line":11,"column":0},"end":{"line":11,"column":58}},"11":{"start":{"line":12,"column":0},"end":{"line":12,"column":92}},"12":{"start":{"line":13,"column":0},"end":{"line":13,"column":6}},"13":{"start":{"line":14,"column":0},"end":{"line":14,"column":2}},"15":{"start":{"line":16,"column":0},"end":{"line":16,"column":44}},"16":{"start":{"line":17,"column":0},"end":{"line":17,"column":9}},"17":{"start":{"line":18,"column":0},"end":{"line":18,"column":89}},"18":{"start":{"line":19,"column":0},"end":{"line":19,"column":29}},"19":{"start":{"line":20,"column":0},"end":{"line":20,"column":21}},"20":{"start":{"line":21,"column":0},"end":{"line":21,"column":70}},"21":{"start":{"line":22,"column":0},"end":{"line":22,"column":104}},"22":{"start":{"line":23,"column":0},"end":{"line":23,"column":5}},"23":{"start":{"line":24,"column":0},"end":{"line":24,"column":2}}},"s":{"0":1,"2":1,"3":1,"4":1,"5":1,"6":1,"7":1,"8":1,"9":1,"10":0,"11":0,"12":1,"13":1,"15":1,"16":0,"17":0,"18":0,"19":0,"20":0,"21":0,"22":0,"23":0},"branchMap":{"0":{"type":"branch","line":3,"loc":{"start":{"line":3,"column":28},"end":{"line":14,"column":2}},"locations":[{"start":{"line":3,"column":28},"end":{"line":14,"column":2}}]},"1":{"type":"branch","line":10,"loc":{"start":{"line":10,"column":4},"end":{"line":13,"column":5}},"locations":[{"start":{"line":10,"column":4},"end":{"line":13,"column":5}}]}},"b":{"0":[1],"1":[0]},"fnMap":{"0":{"name":"calculateImc","decl":{"start":{"line":3,"column":28},"end":{"line":14,"column":2}},"loc":{"start":{"line":3,"column":28},"end":{"line":14,"column":2}},"line":3},"1":{"name":"getImcHistorial","decl":{"start":{"line":16,"column":31},"end":{"line":24,"column":2}},"loc":{"start":{"line":16,"column":31},"end":{"line":24,"column":2}},"line":16}},"f":{"0":1,"1":0}}
}
